============================================================================
| ACPYPE: AnteChamber PYthon Parser interfacE v. 2023.10.27 (c) 2024 AWSdS |
============================================================================
DEBUG: CLI: -i pdb/ligand_1_C3H8_modified.pdb -o gmx
DEBUG: Python Version 3.12.7 | packaged by conda-forge | (main, Oct 4 2024, 16:05:46) [GCC 13.3.0]
DEBUG: Max execution time tolerance is 3h
DEBUG: setResNameCheckCoords done
WARNING: no charge value given, trying to guess one...
DEBUG: guessCharge: /home/daniil/miniconda3/envs/md-intro-tutorial/bin/obabel -ipdb ligand_1_C3H8_modified.pdb -omol2 -O ligand_1_C3H8_modified.mol2
DEBUG: 1 molecule converted
DEBUG: /home/daniil/miniconda3/envs/md-intro-tutorial/bin/antechamber -dr no -i /home/daniil/Downloads/Protein-ligand/mmgbsa/fragment_PhOH/.acpype_tmp_ligand_1_C3H8_modified/ligand_1_C3H8_modified.mol2 -fi mol2 -o tmp -fo mol2 -c gas -pf n
DEBUG: /home/daniil/miniconda3/envs/md-intro-tutorial/bin/antechamber -dr no -i tmp -fi mol2 -o tmp -fo mol2 -c wc -cf tmp.crg -pf n
DEBUG: ++++++++++start_quote+++++++++++++++++++++++++++++++++++++++++++++++++++++++++++
DEBUG: 
Welcome to antechamber 22.0: molecular input file processor.

Info: The atom type is set to gaff; the options available to the -at flag are
 gaff, gaff2, amber, bcc, and sybyl.


DEBUG: ++++++++++end_quote+++++++++++++++++++++++++++++++++++++++++++++++++++++++++++++
DEBUG: readMol2TotalCharge: 1.9999999999811835e-06
DEBUG: Net charge drift '0.000002'
==> ... charge set to 0
==> ... converting pdb input file to mol2 input file
DEBUG: /home/daniil/miniconda3/envs/md-intro-tutorial/bin/obabel -ipdb ligand_1_C3H8_modified.pdb -omol2 -O ligand_1_C3H8_modified.mol2
==> * Babel OK *
==> Executing Antechamber...
DEBUG: /home/daniil/miniconda3/envs/md-intro-tutorial/bin/antechamber -dr no -i ligand_1_C3H8_modified.mol2 -fi mol2 -o ligand_1_C3H8_modified_bcc_gaff2.mol2 -fo mol2 -c bcc -nc 0 -m 1 -s 2 -df 2 -at gaff2 -pf n 
DEBUG: No file left to be removed
==> * Antechamber OK *
DEBUG: /home/daniil/miniconda3/envs/md-intro-tutorial/bin/parmchk2 -i ligand_1_C3H8_modified_bcc_gaff2.mol2 -f mol2 -o ligand_1_C3H8_modified_AC.frcmod -s 2
==> * Parmchk OK *
DEBUG: No crd or prm files left to be removed
==> Executing Tleap...
DEBUG: /home/daniil/miniconda3/envs/md-intro-tutorial/bin/tleap -f tleap.in
DEBUG: ++++++++++start_quote+++++++++++++++++++++++++++++++++++++++++++++++++++++++++++
DEBUG: Checking 'FR1'....
Checking parameters for unit 'FR1'.
Checking for bond parameters.
Checking for angle parameters.
Unit is OK.
DEBUG: ++++++++++end_quote+++++++++++++++++++++++++++++++++++++++++++++++++++++++++++++
==> * Tleap OK *
==> Removing temporary files...
DEBUG: prmtop and inpcrd files loaded
DEBUG: basename defined = 'ligand_1_C3H8_modified'
DEBUG: getCoords done
DEBUG: getABCOEFs done
DEBUG: charge to be balanced: total 0.0000020000
DEBUG: balanceCharges done
DEBUG: Balanced TotalCharge 0.0000000000
DEBUG: PBC = None
DEBUG: getAtoms done
DEBUG: getBonds done
DEBUG: getAngles done
DEBUG: getDihedrals done
==> Using OpenBabel v.3.1.0

==> Writing GROMACS files

==> Disambiguating lower and uppercase atomtypes in GMX top file, even if identical.

DEBUG: writing GRO file
DEBUG: Box size estimated
DEBUG: writing POSRE file
DEBUG: atomTypes 2
DEBUG: GMX atomtypes done
DEBUG: atoms 11
DEBUG: GMX atoms done
DEBUG: bonds 10
DEBUG: GMX bonds done
DEBUG: atomPairs 18
DEBUG: GMX pairs done
DEBUG: angles 18
DEBUG: GMX angles done
DEBUG: setProperDihedralsCoef done
DEBUG: properDihedralsCoefRB 18
DEBUG: properDihedralsAlphaGamma 0
DEBUG: properDihedralsGmx45 18
==> Writing GMX dihedrals for GMX 4.5 and higher.

DEBUG: GMX special proper dihedrals done
DEBUG: improperDihedrals 0
DEBUG: GMX improper dihedrals done
==> Writing pickle file ligand_1_C3H8_modified.pkl
==> Removing temporary files...
Total time of execution: 4s
DEBUG: No tmp folder left to be removed
