            --------------------------------------------------------
                             AMBER SQM VERSION 19
 
                                     By
              Ross C. Walker, Michael F. Crowley, Scott Brozell,
                         Tim Giese, Andreas W. Goetz,
                        Tai-Sung Lee and David A. Case
 
            --------------------------------------------------------
 

--------------------------------------------------------------------------------
  QM CALCULATION INFO
--------------------------------------------------------------------------------

| QMMM: Citation for AMBER QMMM Run:
| QMMM: R.C. Walker, M.F. Crowley and D.A. Case, J. COMP. CHEM. 29:1019, 2008

QMMM: SINGLET STATE CALCULATION
QMMM: RHF CALCULATION, NO. OF DOUBLY OCCUPIED LEVELS = 10

| QMMM: *** Selected Hamiltonian *** 
| QMMM: AM1         

| QMMM: *** Parameter sets in use ***
| QMMM: C : M.J.S.DEWAR et al. JACS, 107, 3902, (1985)
| QMMM: H : M.J.S.DEWAR et al. JACS, 107, 3902, (1985)

| QMMM: *** SCF convergence criteria ***
| QMMM: Energy change                :  0.1D-09 kcal/mol
| QMMM: Error matrix |FP-PF|         :  0.1D+00 au
| QMMM: Density matrix change        :  0.5D-06
| QMMM: Maximum number of SCF cycles :     1000

| QMMM: *** Diagonalization Routine Information ***
| QMMM: Pseudo diagonalizations are allowed.
| QMMM: Auto diagonalization routine selection is in use.
| QMMM:
| QMMM: Timing diagonalization routines:
| QMMM:                              norbs =       20
| QMMM:    diag iterations used for timing =       20
| QMMM:
| QMMM:              Internal diag routine = 0.000926 seconds
| QMMM:                 Dspev diag routine = 0.031380 seconds
| QMMM:                Dspevd diag routine = 0.002077 seconds
| QMMM:                Dspevx diag routine = 0.016258 seconds
| QMMM:                 Dsyev diag routine = 0.011149 seconds
| QMMM:                Dsyevd diag routine = 0.001104 seconds
| QMMM:                Dsyevr diag routine = 0.008880 seconds
| QMMM:
| QMMM:                Pseudo diag routine = 0.000402 seconds
| QMMM:
| QMMM: Using internal diagonalization routine (diag_routine=1).

  QMMM: QM Region Cartesian Coordinates (*=link atom) 
  QMMM: QM_NO.   MM_NO.  ATOM         X         Y         Z
  QMMM:     1        1      C       59.6300   50.3700   38.1100
  QMMM:     2        2      C       58.0700   49.8800   36.2800
  QMMM:     3        3      C       59.3600   49.5000   36.9400
  QMMM:     4        4      H       59.4540   49.8040   39.0360
  QMMM:     5        5      H       60.6760   50.7100   38.0810
  QMMM:     6        6      H       58.9600   51.2420   38.0810
  QMMM:     7        7      H       57.3160   50.1020   37.0490
  QMMM:     8        8      H       58.2270   50.7700   35.6530
  QMMM:     9        9      H       57.7200   49.0470   35.6530
  QMMM:    10       10      H       60.1810   49.6060   36.2150
  QMMM:    11       11      H       59.2850   48.4580   37.2850

--------------------------------------------------------------------------------
  RESULTS
--------------------------------------------------------------------------------

      iter         sqm energy              rms gradient
      ----    -------------------    -----------------------
xmin    10      -24.2053 kcal/mol        0.3008 kcal/(mol*A)
xmin    20      -24.3241 kcal/mol        0.0018 kcal/(mol*A)
  ... geometry converged !
 
 Final MO eigenvalues (eV):
 -35.2297  -27.6916  -21.9086  -15.7117  -15.0351  -13.8241  -12.9063  -11.9900
 -11.8861  -11.3245    3.9200    4.0503    4.3281    4.6012    4.8128    4.9185
   4.9877    5.1879    5.2165    5.2888

 Heat of formation   =        -24.32413985 kcal/mol  (       -1.05477385 eV)

 Total SCF energy    =     -11414.71324052 kcal/mol  (     -494.97910934 eV)
 Electronic energy   =     -37725.66076321 kcal/mol  (    -1635.90740918 eV)
 Core-core repulsion =      26310.94752268 kcal/mol  (     1140.92829984 eV)
 
    Atomic Charges for Step       1 :
  Atom    Element       Mulliken Charge
     1      C                 -0.211
     2      C                 -0.211
     3      C                 -0.160
     4      H                  0.072
     5      H                  0.071
     6      H                  0.072
     7      H                  0.072
     8      H                  0.072
     9      H                  0.071
    10      H                  0.076
    11      H                  0.076
 Total Mulliken Charge =      -0.000
 
                  X        Y        Z     TOTAL  
  QM DIPOLE    -0.003    0.003    0.002    0.004
 
 Final Structure

  QMMM: QM Region Cartesian Coordinates (*=link atom) 
  QMMM: QM_NO.   MM_NO.  ATOM         X         Y         Z
  QMMM:     1        1      C       59.6945   50.4420   38.0611
  QMMM:     2        2      C       57.9877   49.7760   36.3660
  QMMM:     3        3      C       59.3801   49.5424   36.8934
  QMMM:     4        4      H       58.9790   50.2628   38.8998
  QMMM:     5        5      H       60.7296   50.2501   38.4333
  QMMM:     6        6      H       59.6203   51.5155   37.7621
  QMMM:     7        7      H       57.2278   49.5793   37.1605
  QMMM:     8        8      H       57.8689   50.8321   36.0227
  QMMM:     9        9      H       57.7792   49.0989   35.5029
  QMMM:    10       10      H       60.1255   49.7196   36.0733
  QMMM:    11       11      H       59.4862   48.4702   37.2079

           --------- Calculation Completed ----------

