                :-) GROMACS - gmx mdrun, 2024.3-conda_forge (-:

Copyright 1991-2024 The GROMACS Authors.
GROMACS is free software; you can redistribute it and/or modify it
under the terms of the GNU Lesser General Public License
as published by the Free Software Foundation; either version 2.1
of the License, or (at your option) any later version.

                         Current GROMACS contributors:
       Mark Abraham           Andrey Alekseenko           Vladimir Basov      
      Cathrine Bergh            Eliane Briand               Ania Brown        
      Mahesh Doijade            Giacomo Fiorin          Stefan Fleischmann    
      Sergey Gorelov         Gilles Gouaillardet            Alan Gray         
     M. Eric Irrgang         Farzaneh Jalalypour            Joe Jordan        
     Carsten Kutzner           Justin A. Lemkul          Magnus Lundborg      
       Pascal Merz              Vedran Miletic            Dmitry Morozov      
       Julien Nabet              Szilard Pall        Andrea Pasquadibisceglie 
    Michele Pellegrino          Hubert Santuz             Roland Schulz       
     Tatiana Shugaeva          Alexey Shvetsov            Philip Turner       
     Alessandra Villa      Sebastian Wingbermuehle  

                         Previous GROMACS contributors:
        Emile Apol             Rossen Apostolov           James Barnett       
        Paul Bauer          Herman J.C. Berendsen          Par Bjelkmar       
      Christian Blau          Viacheslav Bolnykh            Kevin Boyd        
    Aldert van Buuren          Carlo Camilloni           Rudi van Drunen      
      Anton Feenstra           Oliver Fleetwood            Vytas Gapsys       
       Gaurav Garg             Gerrit Groenhof            Bert de Groot       
      Anca Hamuraru           Vincent Hindriksen          Victor Holanda      
     Aleksei Iupinov          Christoph Junghans        Prashanth Kanduri     
   Dimitrios Karkoulis           Peter Kasson             Sebastian Kehl      
     Sebastian Keller             Jiri Kraus               Per Larsson        
      Viveca Lindahl            Erik Marklund           Pieter Meulenhoff     
      Teemu Murtola              Sander Pronk             Michael Shirts      
      Alfons Sijbers            Balint Soproni         David van der Spoel    
      Peter Tieleman            Carsten Uphoff             Jon Vincent        
     Teemu Virolainen         Christian Wennberg           Maarten Wolf       
      Artem Zhmurov       

                  Coordinated by the GROMACS project leaders:
                           Berk Hess and Erik Lindahl

GROMACS:      gmx mdrun, version 2024.3-conda_forge
Executable:   /home/daniil/miniconda3/envs/md-intro-tutorial/bin.AVX2_256/gmx
Data prefix:  /home/daniil/miniconda3/envs/md-intro-tutorial
Working dir:  /home/daniil/Downloads/Protein-ligand
Process ID:   26363
Command line:
  gmx mdrun -v -deffnm em

GROMACS version:     2024.3-conda_forge
Precision:           mixed
Memory model:        64 bit
MPI library:         thread_mpi
OpenMP support:      enabled (GMX_OPENMP_MAX_THREADS = 128)
GPU support:         OpenCL
NBNxM GPU setup:     super-cluster 2x2x2 / cluster 8
SIMD instructions:   AVX2_256
CPU FFT library:     fftw-3.3.10-sse2-avx
GPU FFT library:     clFFT
Multi-GPU FFT:       none
RDTSCP usage:        disabled
TNG support:         enabled
Hwloc support:       disabled
Tracing support:     disabled
C compiler:          /home/conda/feedstock_root/build_artifacts/gromacs_1727605515830/_build_env/bin/x86_64-conda-linux-gnu-cc GNU 13.3.0
C compiler flags:    -fexcess-precision=fast -funroll-all-loops -mavx2 -mfma -Wno-missing-field-initializers -O3 -DNDEBUG
C++ compiler:        /home/conda/feedstock_root/build_artifacts/gromacs_1727605515830/_build_env/bin/x86_64-conda-linux-gnu-c++ GNU 13.3.0
C++ compiler flags:  -fexcess-precision=fast -funroll-all-loops -mavx2 -mfma -Wno-missing-field-initializers -Wno-cast-function-type-strict SHELL:-fopenmp -O3 -DNDEBUG
BLAS library:        Internal
LAPACK library:      Internal
OpenCL include dir:  /home/daniil/miniconda3/envs/md-intro-tutorial/include
OpenCL library:      /home/daniil/miniconda3/envs/md-intro-tutorial/lib/libOpenCL.so
OpenCL version:      3.0


Running on 1 node with total 2 cores, 2 processing units (GPU detection failed)
Hardware detected on host daniil:
  CPU info:
    Vendor: AMD
    Brand:  AMD Ryzen 5 5500U with Radeon Graphics         
    Family: 23   Model: 104   Stepping: 1
    Features: aes amd apic avx avx2 clfsh cmov cx8 cx16 f16c fma lahf misalignsse mmx msr nonstop_tsc pclmuldq pdpe1gb popcnt pse rdrnd rdtscp sha sse2 sse3 sse4a sse4.1 sse4.2 ssse3 x2apic
  Hardware topology: Basic
    Packages, cores, and logical processors:
    [indices refer to OS logical processors]
      Package  0: [   0]
      Package  2: [   1]
    CPU limit set by OS: -1   Recommended max number of threads: 2

The current CPU can measure timings more accurately than the code in
gmx mdrun was configured to use. This might affect your simulation
speed as accurate timings are needed for load-balancing.
Please consider rebuilding gmx mdrun with the GMX_USE_RDTSCP=ON CMake option.

++++ PLEASE READ AND CITE THE FOLLOWING REFERENCE ++++
M. J. Abraham, T. Murtola, R. Schulz, S. Páll, J. C. Smith, B. Hess, E.
Lindahl
GROMACS: High performance molecular simulations through multi-level
parallelism from laptops to supercomputers
SoftwareX 1 (2015) pp. 19-25
-------- -------- --- Thank You --- -------- --------


++++ PLEASE READ AND CITE THE FOLLOWING REFERENCE ++++
S. Páll, M. J. Abraham, C. Kutzner, B. Hess, E. Lindahl
Tackling Exascale Software Challenges in Molecular Dynamics Simulations with
GROMACS
In S. Markidis & E. Laure (Eds.), Solving Software Challenges for Exascale 8759 (2015) pp. 3-27
-------- -------- --- Thank You --- -------- --------


++++ PLEASE READ AND CITE THE FOLLOWING REFERENCE ++++
S. Pronk, S. Páll, R. Schulz, P. Larsson, P. Bjelkmar, R. Apostolov, M. R.
Shirts, J. C. Smith, P. M. Kasson, D. van der Spoel, B. Hess, and E. Lindahl
GROMACS 4.5: a high-throughput and highly parallel open source molecular
simulation toolkit
Bioinformatics 29 (2013) pp. 845-54
-------- -------- --- Thank You --- -------- --------


++++ PLEASE READ AND CITE THE FOLLOWING REFERENCE ++++
B. Hess and C. Kutzner and D. van der Spoel and E. Lindahl
GROMACS 4: Algorithms for highly efficient, load-balanced, and scalable
molecular simulation
J. Chem. Theory Comput. 4 (2008) pp. 435-447
-------- -------- --- Thank You --- -------- --------


++++ PLEASE READ AND CITE THE FOLLOWING REFERENCE ++++
D. van der Spoel, E. Lindahl, B. Hess, G. Groenhof, A. E. Mark and H. J. C.
Berendsen
GROMACS: Fast, Flexible and Free
J. Comp. Chem. 26 (2005) pp. 1701-1719
-------- -------- --- Thank You --- -------- --------


++++ PLEASE READ AND CITE THE FOLLOWING REFERENCE ++++
E. Lindahl and B. Hess and D. van der Spoel
GROMACS 3.0: A package for molecular simulation and trajectory analysis
J. Mol. Mod. 7 (2001) pp. 306-317
-------- -------- --- Thank You --- -------- --------


++++ PLEASE READ AND CITE THE FOLLOWING REFERENCE ++++
H. J. C. Berendsen, D. van der Spoel and R. van Drunen
GROMACS: A message-passing parallel molecular dynamics implementation
Comp. Phys. Comm. 91 (1995) pp. 43-56
-------- -------- --- Thank You --- -------- --------

Input Parameters:
   integrator                     = steep
   tinit                          = 0
   dt                             = 0.001
   nsteps                         = 50000
   init-step                      = 0
   simulation-part                = 1
   mts                            = false
   mass-repartition-factor        = 1
   comm-mode                      = Linear
   nstcomm                        = 100
   bd-fric                        = 0
   ld-seed                        = 2046787231
   emtol                          = 1000
   emstep                         = 0.01
   niter                          = 20
   fcstep                         = 0
   nstcgsteep                     = 1000
   nbfgscorr                      = 10
   rtpi                           = 0.05
   nstxout                        = 0
   nstvout                        = 0
   nstfout                        = 0
   nstlog                         = 1000
   nstcalcenergy                  = 100
   nstenergy                      = 1000
   nstxout-compressed             = 0
   compressed-x-precision         = 1000
   cutoff-scheme                  = Verlet
   nstlist                        = 1
   pbc                            = xyz
   periodic-molecules             = false
   verlet-buffer-tolerance        = 0.005
   verlet-buffer-pressure-tolerance = 0.5
   rlist                          = 1.2
   coulombtype                    = PME
   coulomb-modifier               = Potential-shift
   rcoulomb-switch                = 0
   rcoulomb                       = 1.2
   epsilon-r                      = 1
   epsilon-rf                     = inf
   vdw-type                       = Cut-off
   vdw-modifier                   = Force-switch
   rvdw-switch                    = 1
   rvdw                           = 1.2
   DispCorr                       = No
   table-extension                = 1
   fourierspacing                 = 0.12
   fourier-nx                     = 72
   fourier-ny                     = 72
   fourier-nz                     = 72
   pme-order                      = 4
   ewald-rtol                     = 1e-05
   ewald-rtol-lj                  = 0.001
   lj-pme-comb-rule               = Geometric
   ewald-geometry                 = 3d
   epsilon-surface                = 0
   ensemble-temperature-setting   = not available
   tcoupl                         = No
   nsttcouple                     = -1
   nh-chain-length                = 0
   print-nose-hoover-chain-variables = false
   pcoupl                         = No
   refcoord-scaling               = No
   posres-com (3):
      posres-com[0]= 0.00000e+00
      posres-com[1]= 0.00000e+00
      posres-com[2]= 0.00000e+00
   posres-comB (3):
      posres-comB[0]= 0.00000e+00
      posres-comB[1]= 0.00000e+00
      posres-comB[2]= 0.00000e+00
   QMMM                           = false
qm-opts:
   ngQM                           = 0
   constraint-algorithm           = Lincs
   continuation                   = false
   Shake-SOR                      = false
   shake-tol                      = 0.0001
   lincs-order                    = 4
   lincs-iter                     = 1
   lincs-warnangle                = 30
   nwall                          = 0
   wall-type                      = 9-3
   wall-r-linpot                  = -1
   wall-atomtype[0]               = -1
   wall-atomtype[1]               = -1
   wall-density[0]                = 0
   wall-density[1]                = 0
   wall-ewald-zfac                = 3
   pull                           = false
   awh                            = false
   rotation                       = false
   interactiveMD                  = false
   disre                          = No
   disre-weighting                = Conservative
   disre-mixed                    = false
   dr-fc                          = 1000
   dr-tau                         = 0
   nstdisreout                    = 100
   orire-fc                       = 0
   orire-tau                      = 0
   nstorireout                    = 100
   free-energy                    = no
   cos-acceleration               = 0
   deform (3x3):
      deform[    0]={ 0.00000e+00,  0.00000e+00,  0.00000e+00}
      deform[    1]={ 0.00000e+00,  0.00000e+00,  0.00000e+00}
      deform[    2]={ 0.00000e+00,  0.00000e+00,  0.00000e+00}
   simulated-tempering            = false
   swapcoords                     = no
   userint1                       = 0
   userint2                       = 0
   userint3                       = 0
   userint4                       = 0
   userreal1                      = 0
   userreal2                      = 0
   userreal3                      = 0
   userreal4                      = 0
   applied-forces:
     electric-field:
       x:
         E0                       = 0
         omega                    = 0
         t0                       = 0
         sigma                    = 0
       y:
         E0                       = 0
         omega                    = 0
         t0                       = 0
         sigma                    = 0
       z:
         E0                       = 0
         omega                    = 0
         t0                       = 0
         sigma                    = 0
     density-guided-simulation:
       active                     = false
       group                      = protein
       similarity-measure         = inner-product
       atom-spreading-weight      = unity
       force-constant             = 1e+09
       gaussian-transform-spreading-width = 0.2
       gaussian-transform-spreading-range-in-multiples-of-width = 4
       reference-density-filename = reference.mrc
       nst                        = 1
       normalize-densities        = true
       adaptive-force-scaling     = false
       adaptive-force-scaling-time-constant = 4
       shift-vector               = 
       transformation-matrix      = 
     qmmm-cp2k:
       active                     = false
       qmgroup                    = System
       qmmethod                   = PBE
       qmfilenames                = 
       qmcharge                   = 0
       qmmultiplicity             = 1
     colvars:
       active                     = false
       configfile                 = 
       seed                       = -1
grpopts:
   nrdf:       69651
   ref-t:           0
   tau-t:           0
annealing:          No
annealing-npoints:           0
   acc:	           0           0           0
   nfreeze:           N           N           N
   energygrp-flags[  0]: 0


Initializing Domain Decomposition on 1 ranks
NOTE: disabling dynamic load balancing as it is only supported with dynamics, not with integrator 'steep'.
Dynamic load balancing: off
Using update groups, nr 12930, average size 2.6 atoms, max. radius 0.078 nm
Minimum cell size due to atom displacement: 0.000 nm
Initial maximum distances in bonded interactions:
    two-body bonded interactions: 0.419 nm, LJ-14, atoms 1874 1881
  multi-body bonded interactions: 0.477 nm, CMAP Dih., atoms 18 34
Minimum cell size due to bonded interactions: 0.524 nm
Using 0 separate PME ranks because: there are too few total ranks for efficient splitting
Optimizing the DD grid for 1 cells with a minimum initial size of 0.524 nm
The maximum allowed number of cells is: X 12 Y 12 Z 10
Domain decomposition grid 1 x 1 x 1, separate PME ranks 0
PME domain decomposition: 1 x 1 x 1

The initial number of communication pulses is:
The initial domain decomposition cell size is:

The maximum allowed distance for atom groups involved in interactions is:
                 non-bonded interactions           1.356 nm
            two-body bonded interactions  (-rdd)   1.356 nm
          multi-body bonded interactions  (-rdd)   1.356 nm

Using 1 MPI thread
Using 2 OpenMP threads 

System total charge: 0.000
Will do PME sum in reciprocal space for electrostatic interactions.

++++ PLEASE READ AND CITE THE FOLLOWING REFERENCE ++++
U. Essmann, L. Perera, M. L. Berkowitz, T. Darden, H. Lee and L. G. Pedersen 
A smooth particle mesh Ewald method
J. Chem. Phys. 103 (1995) pp. 8577-8592
-------- -------- --- Thank You --- -------- --------

Using a Gaussian width (1/beta) of 0.384195 nm for Ewald
Potential shift: LJ r^-12: -2.648e-01 r^-6: -5.349e-01, Ewald -8.333e-06
Initialized non-bonded Coulomb Ewald tables, spacing: 1.02e-03 size: 1176

Generated table with 1100 data points for 1-4 COUL.
Tabscale = 500 points/nm
Generated table with 1100 data points for 1-4 LJ6.
Tabscale = 500 points/nm
Generated table with 1100 data points for 1-4 LJ12.
Tabscale = 500 points/nm


Using SIMD4xM 4x8 nonbonded short-range kernels

Using a 4x8 pair-list setup:
  updated every 1 steps, buffer 0.000 nm, rlist 1.200 nm
Removing pbc first time

Linking all bonded interactions to atoms


Pinning threads with an auto-selected logical cpu stride of 1

++++ PLEASE READ AND CITE THE FOLLOWING REFERENCE ++++
S. Miyamoto and P. A. Kollman
SETTLE: An Analytical Version of the SHAKE and RATTLE Algorithms for Rigid
Water Models
J. Comp. Chem. 13 (1992) pp. 952-962
-------- -------- --- Thank You --- -------- --------


Note that activating steepest-descent energy minimization via the integrator .mdp option and the command gmx mdrun may be available in a different form in a future version of GROMACS, e.g. gmx minimize and an .mdp option.
Initiating Steepest Descents

Atom distribution over 1 domains: av 33506 stddev 0 min 33506 max 33506
Started Steepest Descents on rank 0 Sun Nov 17 23:45:06 2024


Steepest Descents:
   Tolerance (Fmax)   =  1.00000e+03
   Number of steps    =        50000
           Step           Time
              0        0.00000

   Energies (kJ/mol)
           Bond            U-B    Proper Dih.  Improper Dih.      CMAP Dih.
    1.64200e+04    3.48237e+03    6.12405e+03    8.07922e+01   -1.50165e+02
          LJ-14     Coulomb-14        LJ (SR)   Coulomb (SR)   Coul. recip.
    3.18969e+03    1.95489e+04    2.05578e+05   -5.09510e+05    9.27589e+03
      Potential Pressure (bar)
   -2.45960e+05    4.10012e+04

           Step           Time
              1        1.00000

   Energies (kJ/mol)
           Bond            U-B    Proper Dih.  Improper Dih.      CMAP Dih.
    1.56211e+04    3.46354e+03    6.11990e+03    7.93560e+01   -1.52857e+02
          LJ-14     Coulomb-14        LJ (SR)   Coulomb (SR)   Coul. recip.
    3.18689e+03    1.95366e+04    1.73224e+05   -5.10046e+05    9.25396e+03
      Potential Pressure (bar)
   -2.79714e+05    3.35436e+04

           Step           Time
              2        2.00000

   Energies (kJ/mol)
           Bond            U-B    Proper Dih.  Improper Dih.      CMAP Dih.
    1.34330e+04    3.48232e+03    6.12054e+03    8.32546e+01   -1.60802e+02
          LJ-14     Coulomb-14        LJ (SR)   Coulomb (SR)   Coul. recip.
    3.17917e+03    1.94978e+04    1.37745e+05   -5.11156e+05    9.19126e+03
      Potential Pressure (bar)
   -3.18585e+05    2.52990e+04

           Step           Time
              3        3.00000

   Energies (kJ/mol)
           Bond            U-B    Proper Dih.  Improper Dih.      CMAP Dih.
    9.24155e+03    3.62472e+03    6.13026e+03    9.56841e+01   -1.76741e+02
          LJ-14     Coulomb-14        LJ (SR)   Coulomb (SR)   Coul. recip.
    3.16166e+03    1.94177e+04    1.12736e+05   -5.12701e+05    9.05021e+03
      Potential Pressure (bar)
   -3.49420e+05    1.92720e+04

           Step           Time
              4        4.00000

   Energies (kJ/mol)
           Bond            U-B    Proper Dih.  Improper Dih.      CMAP Dih.
    4.53747e+03    3.87861e+03    6.15553e+03    1.16468e+02   -1.99997e+02
          LJ-14     Coulomb-14        LJ (SR)   Coulomb (SR)   Coul. recip.
    3.12074e+03    1.93043e+04    9.65562e+04   -5.14736e+05    8.78435e+03
      Potential Pressure (bar)
   -3.72483e+05    1.47543e+04

           Step           Time
              5        5.00000

   Energies (kJ/mol)
           Bond            U-B    Proper Dih.  Improper Dih.      CMAP Dih.
    2.85559e+03    3.66191e+03    6.16336e+03    1.24516e+02   -2.12925e+02
          LJ-14     Coulomb-14        LJ (SR)   Coulomb (SR)   Coul. recip.
    3.06787e+03    1.92431e+04    8.98240e+04   -5.16190e+05    8.56991e+03
      Potential Pressure (bar)
   -3.82893e+05    1.25636e+04

           Step           Time
              6        6.00000

   Energies (kJ/mol)
           Bond            U-B    Proper Dih.  Improper Dih.      CMAP Dih.
    2.06733e+03    3.40870e+03    6.16771e+03    1.30510e+02   -2.22127e+02
          LJ-14     Coulomb-14        LJ (SR)   Coulomb (SR)   Coul. recip.
    3.00964e+03    1.91911e+04    8.49406e+04   -5.17593e+05    8.34096e+03
      Potential Pressure (bar)
   -3.90558e+05    1.08836e+04

           Step           Time
              7        7.00000

   Energies (kJ/mol)
           Bond            U-B    Proper Dih.  Improper Dih.      CMAP Dih.
    1.25860e+03    3.06874e+03    6.17323e+03    1.37703e+02   -2.33603e+02
          LJ-14     Coulomb-14        LJ (SR)   Coulomb (SR)   Coul. recip.
    2.92256e+03    1.91138e+04    7.89277e+04   -5.19881e+05    7.95653e+03
      Potential Pressure (bar)
   -4.00556e+05    8.64265e+03

           Step           Time
              8        8.00000

   Energies (kJ/mol)
           Bond            U-B    Proper Dih.  Improper Dih.      CMAP Dih.
    1.19668e+03    2.95704e+03    6.17214e+03    1.35662e+02   -2.36808e+02
          LJ-14     Coulomb-14        LJ (SR)   Coulomb (SR)   Coul. recip.
    2.88139e+03    1.90805e+04    7.62810e+04   -5.21013e+05    7.75793e+03
      Potential Pressure (bar)
   -4.04788e+05    7.73740e+03

           Step           Time
              9        9.00000

   Energies (kJ/mol)
           Bond            U-B    Proper Dih.  Improper Dih.      CMAP Dih.
    1.14341e+03    2.77896e+03    6.17235e+03    1.33436e+02   -2.44095e+02
          LJ-14     Coulomb-14        LJ (SR)   Coulomb (SR)   Coul. recip.
    2.80198e+03    1.90011e+04    7.21864e+04   -5.23669e+05    7.28887e+03
      Potential Pressure (bar)
   -4.12406e+05    6.10304e+03

           Step           Time
             10       10.00000

   Energies (kJ/mol)
           Bond            U-B    Proper Dih.  Improper Dih.      CMAP Dih.
    8.85762e+02    2.74781e+03    6.17040e+03    1.32855e+02   -2.45270e+02
          LJ-14     Coulomb-14        LJ (SR)   Coulomb (SR)   Coul. recip.
    2.78488e+03    1.89807e+04    7.03114e+04   -5.24205e+05    7.19326e+03
      Potential Pressure (bar)
   -4.15243e+05    5.60849e+03

           Step           Time
             11       11.00000

   Energies (kJ/mol)
           Bond            U-B    Proper Dih.  Improper Dih.      CMAP Dih.
    1.42854e+03    2.64150e+03    6.16797e+03    1.31566e+02   -2.54450e+02
          LJ-14     Coulomb-14        LJ (SR)   Coulomb (SR)   Coul. recip.
    2.68117e+03    1.88572e+04    6.54619e+04   -5.27935e+05    6.51966e+03
      Potential Pressure (bar)
   -4.24300e+05    3.84830e+03

           Step           Time
             12       12.00000

   Energies (kJ/mol)
           Bond            U-B    Proper Dih.  Improper Dih.      CMAP Dih.
    7.91551e+02    2.54696e+03    6.16148e+03    1.31289e+02   -2.56147e+02
          LJ-14     Coulomb-14        LJ (SR)   Coulomb (SR)   Coul. recip.
    2.66962e+03    1.88402e+04    6.42408e+04   -5.28633e+05    6.41019e+03
      Potential Pressure (bar)
   -4.27098e+05    3.55561e+03

           Step           Time
             13       13.00000

           Step           Time
             14       14.00000

   Energies (kJ/mol)
           Bond            U-B    Proper Dih.  Improper Dih.      CMAP Dih.
    1.18210e+03    2.67065e+03    6.15828e+03    1.30600e+02   -2.60897e+02
          LJ-14     Coulomb-14        LJ (SR)   Coulomb (SR)   Coul. recip.
    2.65827e+03    1.87612e+04    6.19323e+04   -5.30305e+05    6.12587e+03
      Potential Pressure (bar)
   -4.30947e+05    2.87884e+03

           Step           Time
             15       15.00000

   Energies (kJ/mol)
           Bond            U-B    Proper Dih.  Improper Dih.      CMAP Dih.
    1.03431e+03    2.55098e+03    6.15426e+03    1.30013e+02   -2.63664e+02
          LJ-14     Coulomb-14        LJ (SR)   Coulomb (SR)   Coul. recip.
    2.61327e+03    1.87480e+04    6.06217e+04   -5.31595e+05    5.93144e+03
      Potential Pressure (bar)
   -4.34075e+05    2.47124e+03

           Step           Time
             16       16.00000

   Energies (kJ/mol)
           Bond            U-B    Proper Dih.  Improper Dih.      CMAP Dih.
    2.71077e+03    2.96135e+03    6.16508e+03    1.28899e+02   -2.69783e+02
          LJ-14     Coulomb-14        LJ (SR)   Coulomb (SR)   Coul. recip.
    2.59057e+03    1.87028e+04    5.89037e+04   -5.33250e+05    5.66340e+03
      Potential Pressure (bar)
   -4.35693e+05    1.85282e+03

           Step           Time
             17       17.00000

   Energies (kJ/mol)
           Bond            U-B    Proper Dih.  Improper Dih.      CMAP Dih.
    2.99109e+03    3.15275e+03    6.18029e+03    1.40169e+02   -2.67091e+02
          LJ-14     Coulomb-14        LJ (SR)   Coulomb (SR)   Coul. recip.
    2.56838e+03    1.86600e+04    5.80714e+04   -5.34280e+05    5.53400e+03
      Potential Pressure (bar)
   -4.37249e+05    1.55853e+03

           Step           Time
             18       18.00000

   Energies (kJ/mol)
           Bond            U-B    Proper Dih.  Improper Dih.      CMAP Dih.
    3.82949e+03    3.19950e+03    6.17107e+03    1.28016e+02   -2.75170e+02
          LJ-14     Coulomb-14        LJ (SR)   Coulomb (SR)   Coul. recip.
    2.54830e+03    1.86412e+04    5.71773e+04   -5.34993e+05    5.40277e+03
      Potential Pressure (bar)
   -4.38171e+05    1.32392e+03

           Step           Time
             19       19.00000

           Step           Time
             20       20.00000

   Energies (kJ/mol)
           Bond            U-B    Proper Dih.  Improper Dih.      CMAP Dih.
    1.49119e+03    2.56061e+03    6.15751e+03    1.42598e+02   -2.68997e+02
          LJ-14     Coulomb-14        LJ (SR)   Coulomb (SR)   Coul. recip.
    2.54993e+03    1.86602e+04    5.67762e+04   -5.35536e+05    5.35583e+03
      Potential Pressure (bar)
   -4.42110e+05    1.21661e+03

           Step           Time
             21       21.00000

           Step           Time
             22       22.00000

           Step           Time
             23       23.00000

   Energies (kJ/mol)
           Bond            U-B    Proper Dih.  Improper Dih.      CMAP Dih.
    8.29356e+02    2.37575e+03    6.14061e+03    1.28721e+02   -2.75911e+02
          LJ-14     Coulomb-14        LJ (SR)   Coulomb (SR)   Coul. recip.
    2.52850e+03    1.86181e+04    5.63816e+04   -5.35922e+05    5.27862e+03
      Potential Pressure (bar)
   -4.43917e+05    1.18164e+03

           Step           Time
             24       24.00000

   Energies (kJ/mol)
           Bond            U-B    Proper Dih.  Improper Dih.      CMAP Dih.
    2.25062e+03    2.53652e+03    6.13546e+03    1.30473e+02   -2.69602e+02
          LJ-14     Coulomb-14        LJ (SR)   Coulomb (SR)   Coul. recip.
    2.53269e+03    1.86507e+04    5.55071e+04   -5.37005e+05    5.16512e+03
      Potential Pressure (bar)
   -4.44366e+05    7.56341e+02

           Step           Time
             25       25.00000

   Energies (kJ/mol)
           Bond            U-B    Proper Dih.  Improper Dih.      CMAP Dih.
    1.28133e+03    2.40830e+03    6.12804e+03    1.26040e+02   -2.79517e+02
          LJ-14     Coulomb-14        LJ (SR)   Coulomb (SR)   Coul. recip.
    2.49863e+03    1.85729e+04    5.51175e+04   -5.37394e+05    5.07507e+03
      Potential Pressure (bar)
   -4.46466e+05    7.63235e+02

           Step           Time
             26       26.00000

           Step           Time
             27       27.00000

   Energies (kJ/mol)
           Bond            U-B    Proper Dih.  Improper Dih.      CMAP Dih.
    7.80983e+02    2.24510e+03    6.12920e+03    1.26755e+02   -2.77135e+02
          LJ-14     Coulomb-14        LJ (SR)   Coulomb (SR)   Coul. recip.
    2.50525e+03    1.86055e+04    5.48286e+04   -5.37778e+05    5.04601e+03
      Potential Pressure (bar)
   -4.47788e+05    6.34756e+02

           Step           Time
             28       28.00000

   Energies (kJ/mol)
           Bond            U-B    Proper Dih.  Improper Dih.      CMAP Dih.
    1.77134e+03    2.47875e+03    6.12399e+03    1.25641e+02   -2.81906e+02
          LJ-14     Coulomb-14        LJ (SR)   Coulomb (SR)   Coul. recip.
    2.47629e+03    1.85395e+04    5.41387e+04   -5.38593e+05    4.91601e+03
      Potential Pressure (bar)
   -4.48305e+05    4.28242e+02

           Step           Time
             29       29.00000

   Energies (kJ/mol)
           Bond            U-B    Proper Dih.  Improper Dih.      CMAP Dih.
    1.05118e+03    2.25528e+03    6.12649e+03    1.26658e+02   -2.78371e+02
          LJ-14     Coulomb-14        LJ (SR)   Coulomb (SR)   Coul. recip.
    2.48759e+03    1.85858e+04    5.38675e+04   -5.38977e+05    4.89613e+03
      Potential Pressure (bar)
   -4.49859e+05    2.97685e+02

           Step           Time
             30       30.00000

           Step           Time
             31       31.00000

   Energies (kJ/mol)
           Bond            U-B    Proper Dih.  Improper Dih.      CMAP Dih.
    7.50213e+02    2.22659e+03    6.12346e+03    1.24857e+02   -2.83270e+02
          LJ-14     Coulomb-14        LJ (SR)   Coulomb (SR)   Coul. recip.
    2.47004e+03    1.85466e+04    5.35773e+04   -5.39316e+05    4.83603e+03
      Potential Pressure (bar)
   -4.50945e+05    2.53877e+02

           Step           Time
             32       32.00000

   Energies (kJ/mol)
           Bond            U-B    Proper Dih.  Improper Dih.      CMAP Dih.
    1.33907e+03    2.28111e+03    6.12473e+03    1.26826e+02   -2.79787e+02
          LJ-14     Coulomb-14        LJ (SR)   Coulomb (SR)   Coul. recip.
    2.47168e+03    1.85657e+04    5.30424e+04   -5.40046e+05    4.76537e+03
      Potential Pressure (bar)
   -4.51608e+05    6.80310e+00

           Step           Time
             33       33.00000

   Energies (kJ/mol)
           Bond            U-B    Proper Dih.  Improper Dih.      CMAP Dih.
    1.05690e+03    2.27349e+03    6.12107e+03    1.24203e+02   -2.85540e+02
          LJ-14     Coulomb-14        LJ (SR)   Coulomb (SR)   Coul. recip.
    2.44957e+03    1.85144e+04    5.27359e+04   -5.40408e+05    4.69739e+03
      Potential Pressure (bar)
   -4.52721e+05   -3.02576e+01

           Step           Time
             34       34.00000

           Step           Time
             35       35.00000

   Energies (kJ/mol)
           Bond            U-B    Proper Dih.  Improper Dih.      CMAP Dih.
    6.47478e+02    2.15489e+03    6.12201e+03    1.24798e+02   -2.84697e+02
          LJ-14     Coulomb-14        LJ (SR)   Coulomb (SR)   Coul. recip.
    2.45303e+03    1.85331e+04    5.25363e+04   -5.40693e+05    4.67612e+03
      Potential Pressure (bar)
   -4.53730e+05   -1.11317e+02

           Step           Time
             36       36.00000

   Energies (kJ/mol)
           Bond            U-B    Proper Dih.  Improper Dih.      CMAP Dih.
    1.41349e+03    2.32724e+03    6.11898e+03    1.23728e+02   -2.87584e+02
          LJ-14     Coulomb-14        LJ (SR)   Coulomb (SR)   Coul. recip.
    2.42893e+03    1.84830e+04    5.18549e+04   -5.41593e+05    4.55186e+03
      Potential Pressure (bar)
   -4.54578e+05   -3.36860e+02

           Step           Time
             37       37.00000

   Energies (kJ/mol)
           Bond            U-B    Proper Dih.  Improper Dih.      CMAP Dih.
    7.74542e+02    2.15306e+03    6.12034e+03    1.24508e+02   -2.86397e+02
          LJ-14     Coulomb-14        LJ (SR)   Coulomb (SR)   Coul. recip.
    2.43503e+03    1.85106e+04    5.16639e+04   -5.41883e+05    4.53642e+03
      Potential Pressure (bar)
   -4.55851e+05   -4.15727e+02

           Step           Time
             38       38.00000

           Step           Time
             39       39.00000

   Energies (kJ/mol)
           Bond            U-B    Proper Dih.  Improper Dih.      CMAP Dih.
    7.30384e+02    2.16372e+03    6.11845e+03    1.23233e+02   -2.89259e+02
          LJ-14     Coulomb-14        LJ (SR)   Coulomb (SR)   Coul. recip.
    2.42233e+03    1.84831e+04    5.14068e+04   -5.42223e+05    4.48543e+03
      Potential Pressure (bar)
   -4.56578e+05   -4.78301e+02

           Step           Time
             40       40.00000

   Energies (kJ/mol)
           Bond            U-B    Proper Dih.  Improper Dih.      CMAP Dih.
    9.25846e+02    2.16564e+03    6.11906e+03    1.24431e+02   -2.87440e+02
          LJ-14     Coulomb-14        LJ (SR)   Coulomb (SR)   Coul. recip.
    2.42285e+03    1.84948e+04    5.10825e+04   -5.42706e+05    4.44291e+03
      Potential Pressure (bar)
   -4.57216e+05   -6.22974e+02

           Step           Time
             41       41.00000

   Energies (kJ/mol)
           Bond            U-B    Proper Dih.  Improper Dih.      CMAP Dih.
    9.24218e+02    2.19456e+03    6.11678e+03    1.22650e+02   -2.90611e+02
          LJ-14     Coulomb-14        LJ (SR)   Coulomb (SR)   Coul. recip.
    2.40751e+03    1.84600e+04    5.08214e+04   -5.43053e+05    4.38782e+03
      Potential Pressure (bar)
   -4.57909e+05   -6.81594e+02

           Step           Time
             42       42.00000

   Energies (kJ/mol)
           Bond            U-B    Proper Dih.  Improper Dih.      CMAP Dih.
    1.22838e+03    2.20801e+03    6.11801e+03    1.24507e+02   -2.87520e+02
          LJ-14     Coulomb-14        LJ (SR)   Coulomb (SR)   Coul. recip.
    2.41226e+03    1.84812e+04    5.05514e+04   -5.43482e+05    4.35787e+03
      Potential Pressure (bar)
   -4.58288e+05   -8.21421e+02

           Step           Time
             43       43.00000

   Energies (kJ/mol)
           Bond            U-B    Proper Dih.  Improper Dih.      CMAP Dih.
    1.34919e+03    2.27494e+03    6.11526e+03    1.22144e+02   -2.90944e+02
          LJ-14     Coulomb-14        LJ (SR)   Coulomb (SR)   Coul. recip.
    2.39349e+03    1.84362e+04    5.02888e+04   -5.43829e+05    4.29770e+03
      Potential Pressure (bar)
   -4.58842e+05   -8.75966e+02

           Step           Time
             44       44.00000

   Energies (kJ/mol)
           Bond            U-B    Proper Dih.  Improper Dih.      CMAP Dih.
    1.83785e+03    2.30925e+03    6.11728e+03    1.24963e+02   -2.86154e+02
          LJ-14     Coulomb-14        LJ (SR)   Coulomb (SR)   Coul. recip.
    2.40351e+03    1.84697e+04    5.00610e+04   -5.44219e+05    4.28003e+03
      Potential Pressure (bar)
   -4.58901e+05   -1.02089e+03

           Step           Time
             45       45.00000

   Energies (kJ/mol)
           Bond            U-B    Proper Dih.  Improper Dih.      CMAP Dih.
    2.26489e+03    2.45828e+03    6.11399e+03    1.21922e+02   -2.89331e+02
          LJ-14     Coulomb-14        LJ (SR)   Coulomb (SR)   Coul. recip.
    2.38024e+03    1.84106e+04    4.97972e+04   -5.44565e+05    4.21305e+03
      Potential Pressure (bar)
   -4.59094e+05   -1.07486e+03

           Step           Time
             46       46.00000

           Step           Time
             47       47.00000

   Energies (kJ/mol)
           Bond            U-B    Proper Dih.  Improper Dih.      CMAP Dih.
    5.96121e+02    2.08867e+03    6.11453e+03    1.21885e+02   -2.92916e+02
          LJ-14     Coulomb-14        LJ (SR)   Coulomb (SR)   Coul. recip.
    2.38497e+03    1.84369e+04    4.96884e+04   -5.44744e+05    4.20917e+03
      Potential Pressure (bar)
   -4.61396e+05   -1.07679e+03

           Step           Time
             48       48.00000

   Energies (kJ/mol)
           Bond            U-B    Proper Dih.  Improper Dih.      CMAP Dih.
    2.77099e+03    2.52280e+03    6.11130e+03    1.22716e+02   -2.91843e+02
          LJ-14     Coulomb-14        LJ (SR)   Coulomb (SR)   Coul. recip.
    2.35151e+03    1.83683e+04    4.86104e+04   -5.46384e+05    4.01163e+03
      Potential Pressure (bar)
   -4.61806e+05   -1.51705e+03

           Step           Time
             49       49.00000

   Energies (kJ/mol)
           Bond            U-B    Proper Dih.  Improper Dih.      CMAP Dih.
    7.69168e+02    2.09379e+03    6.11170e+03    1.21922e+02   -2.95932e+02
          LJ-14     Coulomb-14        LJ (SR)   Coulomb (SR)   Coul. recip.
    2.35642e+03    1.84005e+04    4.85061e+04   -5.46572e+05    4.01411e+03
      Potential Pressure (bar)
   -4.64494e+05   -1.50842e+03

           Step           Time
             50       50.00000

           Step           Time
             51       51.00000

   Energies (kJ/mol)
           Bond            U-B    Proper Dih.  Improper Dih.      CMAP Dih.
    1.04094e+03    2.16674e+03    6.11003e+03    1.20399e+02   -2.96513e+02
          LJ-14     Coulomb-14        LJ (SR)   Coulomb (SR)   Coul. recip.
    2.34495e+03    1.83714e+04    4.82779e+04   -5.46919e+05    3.96519e+03
      Potential Pressure (bar)
   -4.64818e+05   -1.57890e+03

           Step           Time
             52       52.00000

   Energies (kJ/mol)
           Bond            U-B    Proper Dih.  Improper Dih.      CMAP Dih.
    9.96599e+02    2.12844e+03    6.11054e+03    1.21695e+02   -2.95488e+02
          LJ-14     Coulomb-14        LJ (SR)   Coulomb (SR)   Coul. recip.
    2.34798e+03    1.83891e+04    4.81279e+04   -5.47195e+05    3.95328e+03
      Potential Pressure (bar)
   -4.65315e+05   -1.65524e+03

           Step           Time
             53       53.00000

   Energies (kJ/mol)
           Bond            U-B    Proper Dih.  Improper Dih.      CMAP Dih.
    1.49249e+03    2.25298e+03    6.10877e+03    1.20005e+02   -2.95518e+02
          LJ-14     Coulomb-14        LJ (SR)   Coulomb (SR)   Coul. recip.
    2.33453e+03    1.83524e+04    4.79115e+04   -5.47522e+05    3.90203e+03
      Potential Pressure (bar)
   -4.65343e+05   -1.72320e+03

           Step           Time
             54       54.00000

   Energies (kJ/mol)
           Bond            U-B    Proper Dih.  Improper Dih.      CMAP Dih.
    1.48294e+03    2.21320e+03    6.10975e+03    1.21983e+02   -2.93845e+02
          LJ-14     Coulomb-14        LJ (SR)   Coulomb (SR)   Coul. recip.
    2.34084e+03    1.83795e+04    4.77756e+04   -5.47794e+05    3.89724e+03
      Potential Pressure (bar)
   -4.65767e+05   -1.80631e+03

           Step           Time
             55       55.00000

           Step           Time
             56       56.00000

   Energies (kJ/mol)
           Bond            U-B    Proper Dih.  Improper Dih.      CMAP Dih.
    6.13619e+02    2.06469e+03    6.10808e+03    1.19624e+02   -2.99020e+02
          LJ-14     Coulomb-14        LJ (SR)   Coulomb (SR)   Coul. recip.
    2.33039e+03    1.83563e+04    4.76627e+04   -5.47949e+05    3.86791e+03
      Potential Pressure (bar)
   -4.67124e+05   -1.79140e+03

           Step           Time
             57       57.00000

           Step           Time
             58       58.00000

   Energies (kJ/mol)
           Bond            U-B    Proper Dih.  Improper Dih.      CMAP Dih.
    8.44644e+02    2.09164e+03    6.10763e+03    1.20665e+02   -2.98642e+02
          LJ-14     Coulomb-14        LJ (SR)   Coulomb (SR)   Coul. recip.
    2.32676e+03    1.83566e+04    4.73856e+04   -5.48441e+05    3.82696e+03
      Potential Pressure (bar)
   -4.67679e+05   -1.91449e+03

           Step           Time
             59       59.00000

   Energies (kJ/mol)
           Bond            U-B    Proper Dih.  Improper Dih.      CMAP Dih.
    6.95858e+02    2.07634e+03    6.10651e+03    1.19223e+02   -3.00065e+02
          LJ-14     Coulomb-14        LJ (SR)   Coulomb (SR)   Coul. recip.
    2.31837e+03    1.83381e+04    4.72550e+04   -5.48645e+05    3.79823e+03
      Potential Pressure (bar)
   -4.68237e+05   -1.94218e+03

           Step           Time
             60       60.00000

   Energies (kJ/mol)
           Bond            U-B    Proper Dih.  Improper Dih.      CMAP Dih.
    1.06039e+03    2.12641e+03    6.10650e+03    1.20583e+02   -2.98130e+02
          LJ-14     Coulomb-14        LJ (SR)   Coulomb (SR)   Coul. recip.
    2.31855e+03    1.83450e+04    4.70514e+04   -5.49029e+05    3.77192e+03
      Potential Pressure (bar)
   -4.68426e+05   -2.04832e+03

           Step           Time
             61       61.00000

   Energies (kJ/mol)
           Bond            U-B    Proper Dih.  Improper Dih.      CMAP Dih.
    8.78857e+02    2.10979e+03    6.10519e+03    1.18664e+02   -2.99920e+02
          LJ-14     Coulomb-14        LJ (SR)   Coulomb (SR)   Coul. recip.
    2.30804e+03    1.83211e+04    4.69141e+04   -5.49241e+05    3.73929e+03
      Potential Pressure (bar)
   -4.69046e+05   -2.07223e+03

           Step           Time
             62       62.00000

           Step           Time
             63       63.00000

   Energies (kJ/mol)
           Bond            U-B    Proper Dih.  Improper Dih.      CMAP Dih.
    6.08586e+02    2.04472e+03    6.10514e+03    1.19151e+02   -3.01247e+02
          LJ-14     Coulomb-14        LJ (SR)   Coulomb (SR)   Coul. recip.
    2.30888e+03    1.83284e+04    4.68298e+04   -5.49405e+05    3.73055e+03
      Potential Pressure (bar)
   -4.69631e+05   -2.10376e+03

           Step           Time
             64       64.00000

   Energies (kJ/mol)
           Bond            U-B    Proper Dih.  Improper Dih.      CMAP Dih.
    1.07226e+03    2.14319e+03    6.10379e+03    1.18351e+02   -2.99981e+02
          LJ-14     Coulomb-14        LJ (SR)   Coulomb (SR)   Coul. recip.
    2.29661e+03    1.83028e+04    4.65300e+04   -5.49929e+05    3.67282e+03
      Potential Pressure (bar)
   -4.69989e+05   -2.22141e+03

           Step           Time
             65       65.00000

   Energies (kJ/mol)
           Bond            U-B    Proper Dih.  Improper Dih.      CMAP Dih.
    7.03654e+02    2.05569e+03    6.10377e+03    1.18957e+02   -3.01686e+02
          LJ-14     Coulomb-14        LJ (SR)   Coulomb (SR)   Coul. recip.
    2.29854e+03    1.83143e+04    4.64445e+04   -5.50105e+05    3.66627e+03
      Potential Pressure (bar)
   -4.70701e+05   -2.25393e+03

           Step           Time
             66       66.00000

           Step           Time
             67       67.00000

   Energies (kJ/mol)
           Bond            U-B    Proper Dih.  Improper Dih.      CMAP Dih.
    6.51694e+02    2.05258e+03    6.10300e+03    1.18046e+02   -3.02518e+02
          LJ-14     Coulomb-14        LJ (SR)   Coulomb (SR)   Coul. recip.
    2.29217e+03    1.83006e+04    4.63311e+04   -5.50298e+05    3.64219e+03
      Potential Pressure (bar)
   -4.71110e+05   -2.28514e+03

           Step           Time
             68       68.00000

   Energies (kJ/mol)
           Bond            U-B    Proper Dih.  Improper Dih.      CMAP Dih.
    8.03460e+02    2.07040e+03    6.10276e+03    1.18889e+02   -3.01878e+02
          LJ-14     Coulomb-14        LJ (SR)   Coulomb (SR)   Coul. recip.
    2.29108e+03    1.83037e+04    4.61715e+04   -5.50615e+05    3.62023e+03
      Potential Pressure (bar)
   -4.71435e+05   -2.36256e+03

           Step           Time
             69       69.00000

   Energies (kJ/mol)
           Bond            U-B    Proper Dih.  Improper Dih.      CMAP Dih.
    7.59692e+02    2.07156e+03    6.10187e+03    1.17593e+02   -3.02504e+02
          LJ-14     Coulomb-14        LJ (SR)   Coulomb (SR)   Coul. recip.
    2.28333e+03    1.82863e+04    4.60525e+04   -5.50818e+05    3.59345e+03
      Potential Pressure (bar)
   -4.71854e+05   -2.39274e+03

           Step           Time
             70       70.00000

   Energies (kJ/mol)
           Bond            U-B    Proper Dih.  Improper Dih.      CMAP Dih.
    1.00121e+03    2.10434e+03    6.10191e+03    1.18921e+02   -3.01233e+02
          LJ-14     Coulomb-14        LJ (SR)   Coulomb (SR)   Coul. recip.
    2.28457e+03    1.82942e+04    4.59198e+04   -5.51097e+05    3.57798e+03
      Potential Pressure (bar)
   -4.71995e+05   -2.46827e+03

           Step           Time
             71       71.00000

   Energies (kJ/mol)
           Bond            U-B    Proper Dih.  Improper Dih.      CMAP Dih.
    9.86297e+02    2.11497e+03    6.10088e+03    1.17164e+02   -3.01496e+02
          LJ-14     Coulomb-14        LJ (SR)   Coulomb (SR)   Coul. recip.
    2.27501e+03    1.82721e+04    4.57967e+04   -5.51301e+05    3.54808e+03
      Potential Pressure (bar)
   -4.72391e+05   -2.49637e+03

           Step           Time
             72       72.00000

           Step           Time
             73       73.00000

   Energies (kJ/mol)
           Bond            U-B    Proper Dih.  Improper Dih.      CMAP Dih.
    5.91935e+02    2.02858e+03    6.10076e+03    1.17509e+02   -3.04196e+02
          LJ-14     Coulomb-14        LJ (SR)   Coulomb (SR)   Coul. recip.
    2.27595e+03    1.82794e+04    4.57369e+04   -5.51431e+05    3.54283e+03
      Potential Pressure (bar)
   -4.73061e+05   -2.51407e+03

           Step           Time
             74       74.00000

   Energies (kJ/mol)
           Bond            U-B    Proper Dih.  Improper Dih.      CMAP Dih.
    1.24004e+03    2.16053e+03    6.09938e+03    1.17051e+02   -3.00959e+02
          LJ-14     Coulomb-14        LJ (SR)   Coulomb (SR)   Coul. recip.
    2.26189e+03    1.82508e+04    4.53825e+04   -5.52106e+05    3.47459e+03
      Potential Pressure (bar)
   -4.73421e+05   -2.66458e+03

           Step           Time
             75       75.00000

   Energies (kJ/mol)
           Bond            U-B    Proper Dih.  Improper Dih.      CMAP Dih.
    6.75531e+02    2.03859e+03    6.09925e+03    1.17276e+02   -3.04786e+02
          LJ-14     Coulomb-14        LJ (SR)   Coulomb (SR)   Coul. recip.
    2.26374e+03    1.82622e+04    4.53219e+04   -5.52248e+05    3.47161e+03
      Potential Pressure (bar)
   -4.74303e+05   -2.68055e+03

           Step           Time
             76       76.00000

           Step           Time
             77       77.00000

   Energies (kJ/mol)
           Bond            U-B    Proper Dih.  Improper Dih.      CMAP Dih.
    7.11290e+02    2.05020e+03    6.09853e+03    1.16449e+02   -3.04673e+02
          LJ-14     Coulomb-14        LJ (SR)   Coulomb (SR)   Coul. recip.
    2.25757e+03    1.82486e+04    4.52125e+04   -5.52452e+05    3.44791e+03
      Potential Pressure (bar)
   -4.74614e+05   -2.71504e+03

           Step           Time
             78       78.00000

   Energies (kJ/mol)
           Bond            U-B    Proper Dih.  Improper Dih.      CMAP Dih.
    7.78384e+02    2.05590e+03    6.09847e+03    1.17248e+02   -3.04625e+02
          LJ-14     Coulomb-14        LJ (SR)   Coulomb (SR)   Coul. recip.
    2.25772e+03    1.82534e+04    4.51126e+04   -5.52677e+05    3.43553e+03
      Potential Pressure (bar)
   -4.74872e+05   -2.76826e+03

           Step           Time
             79       79.00000

   Energies (kJ/mol)
           Bond            U-B    Proper Dih.  Improper Dih.      CMAP Dih.
    8.59568e+02    2.07845e+03    6.09766e+03    1.16077e+02   -3.03871e+02
          LJ-14     Coulomb-14        LJ (SR)   Coulomb (SR)   Coul. recip.
    2.25042e+03    1.82366e+04    4.50030e+04   -5.52878e+05    3.41003e+03
      Potential Pressure (bar)
   -4.75130e+05   -2.80086e+03

           Step           Time
             80       80.00000

   Energies (kJ/mol)
           Bond            U-B    Proper Dih.  Improper Dih.      CMAP Dih.
    9.93002e+02    2.09559e+03    6.09782e+03    1.17340e+02   -3.03521e+02
          LJ-14     Coulomb-14        LJ (SR)   Coulomb (SR)   Coul. recip.
    2.25239e+03    1.82455e+04    4.49138e+04   -5.53095e+05    3.40137e+03
      Potential Pressure (bar)
   -4.75282e+05   -2.85783e+03

           Step           Time
             81       81.00000

   Energies (kJ/mol)
           Bond            U-B    Proper Dih.  Improper Dih.      CMAP Dih.
    1.16065e+03    2.13826e+03    6.09691e+03    1.15768e+02   -3.01703e+02
          LJ-14     Coulomb-14        LJ (SR)   Coulomb (SR)   Coul. recip.
    2.24352e+03    1.82240e+04    4.48036e+04   -5.53292e+05    3.37339e+03
      Potential Pressure (bar)
   -4.75438e+05   -2.88847e+03

           Step           Time
             82       82.00000

           Step           Time
             83       83.00000

   Energies (kJ/mol)
           Bond            U-B    Proper Dih.  Improper Dih.      CMAP Dih.
    5.84346e+02    2.01692e+03    6.09677e+03    1.15856e+02   -3.06617e+02
          LJ-14     Coulomb-14        LJ (SR)   Coulomb (SR)   Coul. recip.
    2.24443e+03    1.82318e+04    4.47605e+04   -5.53397e+05    3.37074e+03
      Potential Pressure (bar)
   -4.76282e+05   -2.89396e+03

           Step           Time
             84       84.00000

   Energies (kJ/mol)
           Bond            U-B    Proper Dih.  Improper Dih.      CMAP Dih.
    1.55911e+03    2.21341e+03    6.09515e+03    1.16420e+02   -3.00094e+02
          LJ-14     Coulomb-14        LJ (SR)   Coulomb (SR)   Coul. recip.
    2.22563e+03    1.81945e+04    4.42748e+04   -5.54421e+05    3.27596e+03
      Potential Pressure (bar)
   -4.76766e+05   -3.11509e+03

           Step           Time
             85       85.00000

   Energies (kJ/mol)
           Bond            U-B    Proper Dih.  Improper Dih.      CMAP Dih.
    6.62488e+02    2.02671e+03    6.09488e+03    1.15676e+02   -3.07760e+02
          LJ-14     Coulomb-14        LJ (SR)   Coulomb (SR)   Coul. recip.
    2.22709e+03    1.82070e+04    4.42327e+04   -5.54536e+05    3.27623e+03
      Potential Pressure (bar)
   -4.78001e+05   -3.11333e+03

           Step           Time
             86       86.00000

           Step           Time
             87       87.00000

   Energies (kJ/mol)
           Bond            U-B    Proper Dih.  Improper Dih.      CMAP Dih.
    8.22936e+02    2.06148e+03    6.09413e+03    1.14804e+02   -3.05833e+02
          LJ-14     Coulomb-14        LJ (SR)   Coulomb (SR)   Coul. recip.
    2.22120e+03    1.81928e+04    4.41268e+04   -5.54755e+05    3.25229e+03
      Potential Pressure (bar)
   -4.78175e+05   -3.15108e+03

           Step           Time
             88       88.00000

   Energies (kJ/mol)
           Bond            U-B    Proper Dih.  Improper Dih.      CMAP Dih.
    7.80404e+02    2.04920e+03    6.09425e+03    1.15452e+02   -3.07043e+02
          LJ-14     Coulomb-14        LJ (SR)   Coulomb (SR)   Coul. recip.
    2.22203e+03    1.81994e+04    4.40648e+04   -5.54922e+05    3.24627e+03
      Potential Pressure (bar)
   -4.78457e+05   -3.18869e+03

           Step           Time
             89       89.00000

   Energies (kJ/mol)
           Bond            U-B    Proper Dih.  Improper Dih.      CMAP Dih.
    1.04763e+03    2.10679e+03    6.09345e+03    1.14548e+02   -3.03832e+02
          LJ-14     Coulomb-14        LJ (SR)   Coulomb (SR)   Coul. recip.
    2.21531e+03    1.81820e+04    4.39657e+04   -5.55123e+05    3.22164e+03
      Potential Pressure (bar)
   -4.78480e+05   -3.22339e+03

           Step           Time
             90       90.00000

   Energies (kJ/mol)
           Bond            U-B    Proper Dih.  Improper Dih.      CMAP Dih.
    1.04299e+03    2.10179e+03    6.09386e+03    1.15591e+02   -3.05152e+02
          LJ-14     Coulomb-14        LJ (SR)   Coulomb (SR)   Coul. recip.
    2.21776e+03    1.81929e+04    4.39082e+04   -5.55295e+05    3.21841e+03
      Potential Pressure (bar)
   -4.78708e+05   -3.26725e+03

           Step           Time
             91       91.00000

           Step           Time
             92       92.00000

   Energies (kJ/mol)
           Bond            U-B    Proper Dih.  Improper Dih.      CMAP Dih.
    6.01097e+02    2.01247e+03    6.09297e+03    1.14088e+02   -3.08450e+02
          LJ-14     Coulomb-14        LJ (SR)   Coulomb (SR)   Coul. recip.
    2.21241e+03    1.81822e+04    4.38563e+04   -5.55388e+05    3.20454e+03
      Potential Pressure (bar)
   -4.79421e+05   -3.25848e+03

           Step           Time
             93       93.00000

   Energies (kJ/mol)
           Bond            U-B    Proper Dih.  Improper Dih.      CMAP Dih.
    1.25658e+03    2.14548e+03    6.09295e+03    1.16475e+02   -3.04861e+02
          LJ-14     Coulomb-14        LJ (SR)   Coulomb (SR)   Coul. recip.
    2.20796e+03    1.81771e+04    4.36178e+04   -5.55989e+05    3.16358e+03
      Potential Pressure (bar)
   -4.79516e+05   -3.40037e+03

           Step           Time
             94       94.00000

   Energies (kJ/mol)
           Bond            U-B    Proper Dih.  Improper Dih.      CMAP Dih.
    6.95262e+02    2.02957e+03    6.09168e+03    1.13714e+02   -3.08207e+02
          LJ-14     Coulomb-14        LJ (SR)   Coulomb (SR)   Coul. recip.
    2.20084e+03    1.81639e+04    4.35585e+04   -5.56092e+05    3.14755e+03
      Potential Pressure (bar)
   -4.80399e+05   -3.38500e+03

           Step           Time
             95       95.00000

           Step           Time
             96       96.00000

   Energies (kJ/mol)
           Bond            U-B    Proper Dih.  Improper Dih.      CMAP Dih.
    7.08628e+02    2.03195e+03    6.09180e+03    1.14279e+02   -3.09140e+02
          LJ-14     Coulomb-14        LJ (SR)   Coulomb (SR)   Coul. recip.
    2.20111e+03    1.81666e+04    4.34991e+04   -5.56259e+05    3.13904e+03
      Potential Pressure (bar)
   -4.80616e+05   -3.42073e+03

           Step           Time
             97       97.00000

   Energies (kJ/mol)
           Bond            U-B    Proper Dih.  Improper Dih.      CMAP Dih.
    8.09528e+02    2.05247e+03    6.09106e+03    1.13419e+02   -3.07131e+02
          LJ-14     Coulomb-14        LJ (SR)   Coulomb (SR)   Coul. recip.
    2.19548e+03    1.81548e+04    4.34216e+04   -5.56428e+05    3.12077e+03
      Potential Pressure (bar)
   -4.80776e+05   -3.44603e+03

           Step           Time
             98       98.00000

   Energies (kJ/mol)
           Bond            U-B    Proper Dih.  Improper Dih.      CMAP Dih.
    8.55818e+02    2.06234e+03    6.09140e+03    1.14288e+02   -3.08096e+02
          LJ-14     Coulomb-14        LJ (SR)   Coulomb (SR)   Coul. recip.
    2.19699e+03    1.81602e+04    4.33672e+04   -5.56596e+05    3.11427e+03
      Potential Pressure (bar)
   -4.80942e+05   -3.48534e+03

           Step           Time
             99       99.00000

   Energies (kJ/mol)
           Bond            U-B    Proper Dih.  Improper Dih.      CMAP Dih.
    1.04106e+03    2.10052e+03    6.09053e+03    1.13214e+02   -3.04636e+02
          LJ-14     Coulomb-14        LJ (SR)   Coulomb (SR)   Coul. recip.
    2.19031e+03    1.81454e+04    4.32903e+04   -5.56760e+05    3.09457e+03
      Potential Pressure (bar)
   -4.80998e+05   -3.50913e+03

           Step           Time
            100      100.00000

   Energies (kJ/mol)
           Bond            U-B    Proper Dih.  Improper Dih.      CMAP Dih.
    1.17421e+03    2.12931e+03    6.09121e+03    1.14544e+02   -3.05417e+02
          LJ-14     Coulomb-14        LJ (SR)   Coulomb (SR)   Coul. recip.
    2.19368e+03    1.81545e+04    4.32426e+04   -5.56926e+05    3.09080e+03
      Potential Pressure (bar)
   -4.81041e+05   -3.55536e+03

           Step           Time
            101      101.00000

           Step           Time
            102      102.00000

   Energies (kJ/mol)
           Bond            U-B    Proper Dih.  Improper Dih.      CMAP Dih.
    5.96102e+02    2.00578e+03    6.09019e+03    1.12705e+02   -3.10074e+02
          LJ-14     Coulomb-14        LJ (SR)   Coulomb (SR)   Coul. recip.
    2.18799e+03    1.81455e+04    4.31990e+04   -5.57005e+05    3.07927e+03
      Potential Pressure (bar)
   -4.81898e+05   -3.53849e+03

           Step           Time
            103      103.00000

   Energies (kJ/mol)
           Bond            U-B    Proper Dih.  Improper Dih.      CMAP Dih.
    1.40582e+03    2.18029e+03    6.09034e+03    1.16637e+02   -3.05697e+02
          LJ-14     Coulomb-14        LJ (SR)   Coulomb (SR)   Coul. recip.
    2.18090e+03    1.81336e+04    4.29034e+04   -5.57826e+05    3.02250e+03
      Potential Pressure (bar)
   -4.82098e+05   -3.71717e+03

           Step           Time
            104      104.00000

   Energies (kJ/mol)
           Bond            U-B    Proper Dih.  Improper Dih.      CMAP Dih.
    6.84226e+02    2.02140e+03    6.08876e+03    1.12581e+02   -3.10194e+02
          LJ-14     Coulomb-14        LJ (SR)   Coulomb (SR)   Coul. recip.
    2.17335e+03    1.81232e+04    4.28534e+04   -5.57913e+05    3.00969e+03
      Potential Pressure (bar)
   -4.83156e+05   -3.69275e+03

           Step           Time
            105      105.00000

           Step           Time
            106      106.00000

   Energies (kJ/mol)
           Bond            U-B    Proper Dih.  Improper Dih.      CMAP Dih.
    7.60397e+02    2.04086e+03    6.08896e+03    1.12975e+02   -3.10635e+02
          LJ-14     Coulomb-14        LJ (SR)   Coulomb (SR)   Coul. recip.
    2.17417e+03    1.81246e+04    4.28006e+04   -5.58082e+05    3.00072e+03
      Potential Pressure (bar)
   -4.83290e+05   -3.72867e+03

           Step           Time
            107      107.00000

   Energies (kJ/mol)
           Bond            U-B    Proper Dih.  Improper Dih.      CMAP Dih.
    7.95612e+02    2.04428e+03    6.08819e+03    1.11990e+02   -3.08636e+02
          LJ-14     Coulomb-14        LJ (SR)   Coulomb (SR)   Coul. recip.
    2.16871e+03    1.81153e+04    4.27428e+04   -5.58218e+05    2.98675e+03
      Potential Pressure (bar)
   -4.83473e+05   -3.74497e+03

           Step           Time
            108      108.00000

   Energies (kJ/mol)
           Bond            U-B    Proper Dih.  Improper Dih.      CMAP Dih.
    9.41272e+02    2.08041e+03    6.08874e+03    1.13059e+02   -3.09102e+02
          LJ-14     Coulomb-14        LJ (SR)   Coulomb (SR)   Coul. recip.
    2.17091e+03    1.81190e+04    4.26971e+04   -5.58383e+05    2.97978e+03
      Potential Pressure (bar)
   -4.83502e+05   -3.78463e+03

           Step           Time
            109      109.00000

   Energies (kJ/mol)
           Bond            U-B    Proper Dih.  Improper Dih.      CMAP Dih.
    1.03066e+03    2.09422e+03    6.08778e+03    1.11791e+02   -3.05649e+02
          LJ-14     Coulomb-14        LJ (SR)   Coulomb (SR)   Coul. recip.
    2.16416e+03    1.81072e+04    4.26372e+04   -5.58517e+05    2.96435e+03
      Potential Pressure (bar)
   -4.83626e+05   -3.80006e+03

           Step           Time
            110      110.00000

           Step           Time
            111      111.00000

   Energies (kJ/mol)
           Bond            U-B    Proper Dih.  Improper Dih.      CMAP Dih.
    6.00367e+02    2.00381e+03    6.08788e+03    1.11618e+02   -3.12133e+02
          LJ-14     Coulomb-14        LJ (SR)   Coulomb (SR)   Coul. recip.
    2.16506e+03    1.81110e+04    4.26147e+04   -5.58599e+05    2.96169e+03
      Potential Pressure (bar)
   -4.84255e+05   -3.80179e+03

           Step           Time
            112      112.00000

           Step           Time
            113      113.00000

   Energies (kJ/mol)
           Bond            U-B    Proper Dih.  Improper Dih.      CMAP Dih.
    7.39082e+02    2.03075e+03    6.08730e+03    1.11899e+02   -3.10418e+02
          LJ-14     Coulomb-14        LJ (SR)   Coulomb (SR)   Coul. recip.
    2.15917e+03    1.81011e+04    4.25086e+04   -5.58898e+05    2.93802e+03
      Potential Pressure (bar)
   -4.84533e+05   -3.85157e+03

           Step           Time
            114      114.00000

   Energies (kJ/mol)
           Bond            U-B    Proper Dih.  Improper Dih.      CMAP Dih.
    6.28362e+02    2.00994e+03    6.08741e+03    1.11769e+02   -3.12700e+02
          LJ-14     Coulomb-14        LJ (SR)   Coulomb (SR)   Coul. recip.
    2.15952e+03    1.81026e+04    4.24794e+04   -5.59001e+05    2.93328e+03
      Potential Pressure (bar)
   -4.84802e+05   -3.86695e+03

           Step           Time
            115      115.00000

   Energies (kJ/mol)
           Bond            U-B    Proper Dih.  Improper Dih.      CMAP Dih.
    8.52320e+02    2.05478e+03    6.08674e+03    1.11462e+02   -3.08679e+02
          LJ-14     Coulomb-14        LJ (SR)   Coulomb (SR)   Coul. recip.
    2.15443e+03    1.80933e+04    4.23995e+04   -5.59226e+05    2.91443e+03
      Potential Pressure (bar)
   -4.84867e+05   -3.90594e+03

           Step           Time
            116      116.00000

   Energies (kJ/mol)
           Bond            U-B    Proper Dih.  Improper Dih.      CMAP Dih.
    7.05505e+02    2.02754e+03    6.08708e+03    1.11548e+02   -3.12242e+02
          LJ-14     Coulomb-14        LJ (SR)   Coulomb (SR)   Coul. recip.
    2.15542e+03    1.80961e+04    4.23707e+04   -5.59337e+05    2.91014e+03
      Potential Pressure (bar)
   -4.85185e+05   -3.92262e+03

           Step           Time
            117      117.00000

           Step           Time
            118      118.00000

   Energies (kJ/mol)
           Bond            U-B    Proper Dih.  Improper Dih.      CMAP Dih.
    6.25479e+02    2.00601e+03    6.08652e+03    1.11014e+02   -3.12337e+02
          LJ-14     Coulomb-14        LJ (SR)   Coulomb (SR)   Coul. recip.
    2.15219e+03    1.80912e+04    4.23349e+04   -5.59429e+05    2.90143e+03
      Potential Pressure (bar)
   -4.85432e+05   -3.93062e+03

           Step           Time
            119      119.00000

   Energies (kJ/mol)
           Bond            U-B    Proper Dih.  Improper Dih.      CMAP Dih.
    7.88807e+02    2.04681e+03    6.08680e+03    1.11776e+02   -3.11958e+02
          LJ-14     Coulomb-14        LJ (SR)   Coulomb (SR)   Coul. recip.
    2.15127e+03    1.80894e+04    4.22670e+04   -5.59664e+05    2.88751e+03
      Potential Pressure (bar)
   -4.85547e+05   -3.97671e+03

           Step           Time
            120      120.00000

   Energies (kJ/mol)
           Bond            U-B    Proper Dih.  Improper Dih.      CMAP Dih.
    6.88165e+02    2.01853e+03    6.08600e+03    1.10781e+02   -3.11547e+02
          LJ-14     Coulomb-14        LJ (SR)   Coulomb (SR)   Coul. recip.
    2.14714e+03    1.80834e+04    4.22272e+04   -5.59766e+05    2.87755e+03
      Potential Pressure (bar)
   -4.85839e+05   -3.98330e+03

           Step           Time
            121      121.00000

           Step           Time
            122      122.00000

   Energies (kJ/mol)
           Bond            U-B    Proper Dih.  Improper Dih.      CMAP Dih.
    6.16635e+02    2.00585e+03    6.08619e+03    1.10919e+02   -3.13665e+02
          LJ-14     Coulomb-14        LJ (SR)   Coulomb (SR)   Coul. recip.
    2.14715e+03    1.80838e+04    4.22010e+04   -5.59862e+05    2.87253e+03
      Potential Pressure (bar)
   -4.86051e+05   -3.99785e+03

           Step           Time
            123      123.00000

   Energies (kJ/mol)
           Bond            U-B    Proper Dih.  Improper Dih.      CMAP Dih.
    7.59420e+02    2.03347e+03    6.08558e+03    1.10784e+02   -3.10823e+02
          LJ-14     Coulomb-14        LJ (SR)   Coulomb (SR)   Coul. recip.
    2.14259e+03    1.80762e+04    4.21299e+04   -5.60078e+05    2.85561e+03
      Potential Pressure (bar)
   -4.86195e+05   -4.03253e+03

           Step           Time
            124      124.00000

   Energies (kJ/mol)
           Bond            U-B    Proper Dih.  Improper Dih.      CMAP Dih.
    6.63557e+02    2.01703e+03    6.08590e+03    1.10813e+02   -3.13609e+02
          LJ-14     Coulomb-14        LJ (SR)   Coulomb (SR)   Coul. recip.
    2.14312e+03    1.80775e+04    4.21037e+04   -5.60184e+05    2.85077e+03
      Potential Pressure (bar)
   -4.86445e+05   -4.04836e+03

           Step           Time
            125      125.00000

           Step           Time
            126      126.00000

   Energies (kJ/mol)
           Bond            U-B    Proper Dih.  Improper Dih.      CMAP Dih.
    6.17535e+02    2.00302e+03    6.08542e+03    1.10428e+02   -3.13450e+02
          LJ-14     Coulomb-14        LJ (SR)   Coulomb (SR)   Coul. recip.
    2.14046e+03    1.80737e+04    4.20727e+04   -5.60272e+05    2.84318e+03
      Potential Pressure (bar)
   -4.86640e+05   -4.05745e+03

           Step           Time
            127      127.00000

   Energies (kJ/mol)
           Bond            U-B    Proper Dih.  Improper Dih.      CMAP Dih.
    7.15278e+02    2.02937e+03    6.08566e+03    1.10890e+02   -3.13571e+02
          LJ-14     Coulomb-14        LJ (SR)   Coulomb (SR)   Coul. recip.
    2.13918e+03    1.80713e+04    4.20123e+04   -5.60493e+05    2.82988e+03
      Potential Pressure (bar)
   -4.86812e+05   -4.09656e+03

           Step           Time
            128      128.00000

   Energies (kJ/mol)
           Bond            U-B    Proper Dih.  Improper Dih.      CMAP Dih.
    6.57971e+02    2.01089e+03    6.08497e+03    1.10206e+02   -3.12955e+02
          LJ-14     Coulomb-14        LJ (SR)   Coulomb (SR)   Coul. recip.
    2.13584e+03    1.80666e+04    4.19778e+04   -5.60590e+05    2.82126e+03
      Potential Pressure (bar)
   -4.87037e+05   -4.10503e+03

           Step           Time
            129      129.00000

   Energies (kJ/mol)
           Bond            U-B    Proper Dih.  Improper Dih.      CMAP Dih.
    8.16633e+02    2.05356e+03    6.08552e+03    1.10888e+02   -3.12709e+02
          LJ-14     Coulomb-14        LJ (SR)   Coulomb (SR)   Coul. recip.
    2.13602e+03    1.80659e+04    4.19331e+04   -5.60771e+05    2.81139e+03
      Potential Pressure (bar)
   -4.87071e+05   -4.14162e+03

           Step           Time
            130      130.00000

   Energies (kJ/mol)
           Bond            U-B    Proper Dih.  Improper Dih.      CMAP Dih.
    7.51787e+02    2.03073e+03    6.08459e+03    1.09979e+02   -3.11455e+02
          LJ-14     Coulomb-14        LJ (SR)   Coulomb (SR)   Coul. recip.
    2.13174e+03    1.80601e+04    4.18952e+04   -5.60874e+05    2.80176e+03
      Potential Pressure (bar)
   -4.87320e+05   -4.14884e+03

           Step           Time
            131      131.00000

           Step           Time
            132      132.00000

   Energies (kJ/mol)
           Bond            U-B    Proper Dih.  Improper Dih.      CMAP Dih.
    6.15761e+02    2.00421e+03    6.08487e+03    1.09965e+02   -3.14769e+02
          LJ-14     Coulomb-14        LJ (SR)   Coulomb (SR)   Coul. recip.
    2.13197e+03    1.80608e+04    4.18760e+04   -5.60955e+05    2.79784e+03
      Potential Pressure (bar)
   -4.87588e+05   -4.15832e+03

           Step           Time
            133      133.00000

   Energies (kJ/mol)
           Bond            U-B    Proper Dih.  Improper Dih.      CMAP Dih.
    8.59545e+02    2.05437e+03    6.08424e+03    1.10278e+02   -3.10276e+02
          LJ-14     Coulomb-14        LJ (SR)   Coulomb (SR)   Coul. recip.
    2.12689e+03    1.80524e+04    4.17976e+04   -5.61221e+05    2.77825e+03
      Potential Pressure (bar)
   -4.87667e+05   -4.20230e+03

           Step           Time
            134      134.00000

   Energies (kJ/mol)
           Bond            U-B    Proper Dih.  Improper Dih.      CMAP Dih.
    6.68637e+02    2.01741e+03    6.08467e+03    1.09911e+02   -3.14725e+02
          LJ-14     Coulomb-14        LJ (SR)   Coulomb (SR)   Coul. recip.
    2.12762e+03    1.80540e+04    4.17782e+04   -5.61311e+05    2.77440e+03
      Potential Pressure (bar)
   -4.88011e+05   -4.21191e+03

           Step           Time
            135      135.00000

           Step           Time
            136      136.00000

   Energies (kJ/mol)
           Bond            U-B    Proper Dih.  Improper Dih.      CMAP Dih.
    6.44337e+02    2.00699e+03    6.08413e+03    1.09617e+02   -3.14076e+02
          LJ-14     Coulomb-14        LJ (SR)   Coulomb (SR)   Coul. recip.
    2.12484e+03    1.80502e+04    4.17474e+04   -5.61409e+05    2.76662e+03
      Potential Pressure (bar)
   -4.88189e+05   -4.22226e+03

           Step           Time
            137      137.00000

   Energies (kJ/mol)
           Bond            U-B    Proper Dih.  Improper Dih.      CMAP Dih.
    7.31208e+02    2.03291e+03    6.08458e+03    1.10016e+02   -3.14437e+02
          LJ-14     Coulomb-14        LJ (SR)   Coulomb (SR)   Coul. recip.
    2.12454e+03    1.80490e+04    4.17092e+04   -5.61572e+05    2.75748e+03
      Potential Pressure (bar)
   -4.88288e+05   -4.25146e+03

           Step           Time
            138      138.00000

   Energies (kJ/mol)
           Bond            U-B    Proper Dih.  Improper Dih.      CMAP Dih.
    7.08663e+02    2.02050e+03    6.08380e+03    1.09471e+02   -3.13029e+02
          LJ-14     Coulomb-14        LJ (SR)   Coulomb (SR)   Coul. recip.
    2.12110e+03    1.80444e+04    4.16759e+04   -5.61674e+05    2.74895e+03
      Potential Pressure (bar)
   -4.88474e+05   -4.26110e+03

           Step           Time
            139      139.00000

           Step           Time
            140      140.00000

   Energies (kJ/mol)
           Bond            U-B    Proper Dih.  Improper Dih.      CMAP Dih.
    6.10105e+02    2.00173e+03    6.08406e+03    1.09402e+02   -3.15659e+02
          LJ-14     Coulomb-14        LJ (SR)   Coulomb (SR)   Coul. recip.
    2.12110e+03    1.80446e+04    4.16594e+04   -5.61749e+05    2.74510e+03
      Potential Pressure (bar)
   -4.88689e+05   -4.26987e+03

           Step           Time
            141      141.00000

   Energies (kJ/mol)
           Bond            U-B    Proper Dih.  Improper Dih.      CMAP Dih.
    7.82826e+02    2.03672e+03    6.08347e+03    1.09681e+02   -3.12278e+02
          LJ-14     Coulomb-14        LJ (SR)   Coulomb (SR)   Coul. recip.
    2.11618e+03    1.80368e+04    4.15819e+04   -5.62036e+05    2.72516e+03
      Potential Pressure (bar)
   -4.88875e+05   -4.31356e+03

           Step           Time
            142      142.00000

   Energies (kJ/mol)
           Bond            U-B    Proper Dih.  Improper Dih.      CMAP Dih.
    6.41976e+02    2.01008e+03    6.08388e+03    1.09301e+02   -3.15859e+02
          LJ-14     Coulomb-14        LJ (SR)   Coulomb (SR)   Coul. recip.
    2.11653e+03    1.80375e+04    4.15649e+04   -5.62119e+05    2.72123e+03
      Potential Pressure (bar)
   -4.89150e+05   -4.32255e+03

           Step           Time
            143      143.00000

           Step           Time
            144      144.00000

   Energies (kJ/mol)
           Bond            U-B    Proper Dih.  Improper Dih.      CMAP Dih.
    6.37043e+02    2.00467e+03    6.08341e+03    1.09132e+02   -3.15111e+02
          LJ-14     Coulomb-14        LJ (SR)   Coulomb (SR)   Coul. recip.
    2.11416e+03    1.80343e+04    4.15368e+04   -5.62219e+05    2.71393e+03
      Potential Pressure (bar)
   -4.89301e+05   -4.33402e+03

           Step           Time
            145      145.00000

   Energies (kJ/mol)
           Bond            U-B    Proper Dih.  Improper Dih.      CMAP Dih.
    6.81079e+02    2.02010e+03    6.08381e+03    1.09307e+02   -3.15774e+02
          LJ-14     Coulomb-14        LJ (SR)   Coulomb (SR)   Coul. recip.
    2.11364e+03    1.80329e+04    4.15052e+04   -5.62363e+05    2.70572e+03
      Potential Pressure (bar)
   -4.89427e+05   -4.35740e+03

           Step           Time
            146      146.00000

   Energies (kJ/mol)
           Bond            U-B    Proper Dih.  Improper Dih.      CMAP Dih.
    6.82238e+02    2.01408e+03    6.08315e+03    1.09001e+02   -3.14346e+02
          LJ-14     Coulomb-14        LJ (SR)   Coulomb (SR)   Coul. recip.
    2.11079e+03    1.80292e+04    4.14755e+04   -5.62465e+05    2.69794e+03
      Potential Pressure (bar)
   -4.89578e+05   -4.36852e+03

           Step           Time
            147      147.00000

   Energies (kJ/mol)
           Bond            U-B    Proper Dih.  Improper Dih.      CMAP Dih.
    7.55326e+02    2.03884e+03    6.08381e+03    1.09290e+02   -3.15113e+02
          LJ-14     Coulomb-14        LJ (SR)   Coulomb (SR)   Coul. recip.
    2.11107e+03    1.80286e+04    4.14493e+04   -5.62600e+05    2.69090e+03
      Potential Pressure (bar)
   -4.89648e+05   -4.39235e+03

           Step           Time
            148      148.00000

   Energies (kJ/mol)
           Bond            U-B    Proper Dih.  Improper Dih.      CMAP Dih.
    7.78458e+02    2.03520e+03    6.08290e+03    1.08918e+02   -3.12623e+02
          LJ-14     Coulomb-14        LJ (SR)   Coulomb (SR)   Coul. recip.
    2.10761e+03    1.80242e+04    4.14178e+04   -5.62704e+05    2.68257e+03
      Potential Pressure (bar)
   -4.89778e+05   -4.40316e+03

           Step           Time
            149      149.00000

           Step           Time
            150      150.00000

   Energies (kJ/mol)
           Bond            U-B    Proper Dih.  Improper Dih.      CMAP Dih.
    6.09574e+02    2.00034e+03    6.08325e+03    1.08622e+02   -3.16573e+02
          LJ-14     Coulomb-14        LJ (SR)   Coulomb (SR)   Coul. recip.
    2.10766e+03    1.80246e+04    4.14055e+04   -5.62767e+05    2.67948e+03
      Potential Pressure (bar)
   -4.90064e+05   -4.40737e+03


Steepest Descents converged to Fmax < 1000 in 151 steps
Potential Energy  = -4.9006434e+05
Maximum force     =  8.7995648e+02 on atom 2045
Norm of force     =  5.8078680e+01

    D O M A I N   D E C O M P O S I T I O N   S T A T I S T I C S

 av. #atoms communicated per step for force:  2 x 0.0

Finished mdrun on rank 0 Sun Nov 17 23:45:29 2024

