[INFO   ] Starting gmx_MMPBSA 1.6.4
[DEBUG  ] WDIR          : /home/daniil/Downloads/Protein-ligand/mmgbsa/fragment_PhOH
[DEBUG  ] AMBERHOME     : /home/daniil/miniconda3/envs/gmxMMPBSA
[DEBUG  ] PYTHON EXE    : /home/daniil/miniconda3/envs/gmxMMPBSA/bin/python
[DEBUG  ] PYTHON VERSION: 3.11.8 | packaged by conda-forge | (main, Feb 16 2024, 20:53:32) [GCC 12.3.0]
[DEBUG  ] MPI           : /home/daniil/miniconda3/envs/gmxMMPBSA/bin/mpirun
[DEBUG  ] ParmEd        : 4.2.2
[DEBUG  ] OS PLATFORM   : Linux-6.8.0-48-generic-x86_64-with-glibc2.35
[DEBUG  ] OS SYSTEM     : Linux
[DEBUG  ] OS VERSION    : #48~22.04.1-Ubuntu SMP PREEMPT_DYNAMIC Mon Oct  7 11:24:13 UTC 2
[DEBUG  ] OS PROCESSOR  : x86_64

[INFO   ] Command-line
  gmx_MMPBSA -O -i mmpbsa.in -ct md_0_10_fit.xtc -ci index.ndx -cg 1 13 -cp topol.top -o FINAL_RESULTS_MMPBSA.dat -eo FINAL_RESULTS_MMPBSA.csv

[DEBUG  ] |Input file:
[DEBUG  ] |--------------------------------------------------------------
[DEBUG  ] |Input file generated by gmx_MMPBSA (1.6.4)
[DEBUG  ] |Be careful with the variables you modify, some can have severe consequences on the results you obtain.
[DEBUG  ] |
[DEBUG  ] |# General namelist variables
[DEBUG  ] |&general
[DEBUG  ] |  sys_name             = "protein-ligand"                               # System name
[DEBUG  ] |  startframe           = 1                                              # First frame to analyze
[DEBUG  ] |  endframe             = 100                                       	# Last frame to analyze
[DEBUG  ] |  interval             = 1                                              # Number of frames between adjacent frames analyzed
[DEBUG  ] |  forcefields          = "oldff/leaprc.ff99SB,leaprc.gaff"              # Define the force field to build the Amber topology
[DEBUG  ] |  ions_parameters      = 1                                              # Define ions parameters to build the Amber topology
[DEBUG  ] |  PBRadii              = 3                                              # Define PBRadii to build amber topology from GROMACS files
[DEBUG  ] |  temperature          = 298.15                                         # Temperature
[DEBUG  ] |  qh_entropy           = 0                                              # Do quasi-harmonic calculation
[DEBUG  ] |  interaction_entropy  = 0                                              # Do Interaction Entropy calculation
[DEBUG  ] |  ie_segment           = 25                                             # Trajectory segment to calculate interaction entropy
[DEBUG  ] |  c2_entropy           = 0                                              # Do C2 Entropy calculation
[DEBUG  ] |  assign_chainID       = 0                                              # Assign chains ID
[DEBUG  ] |  exp_ki               = 0.0                                            # Experimental Ki in nM
[DEBUG  ] |  full_traj            = 0                                              # Print a full traj. AND the thread trajectories
[DEBUG  ] |  gmx_path             = ""                                             # Force to use this path to get GROMACS executable
[DEBUG  ] |  keep_files           = 2                                              # How many files to keep after successful completion
[DEBUG  ] |  netcdf               = 0                                              # Use NetCDF intermediate trajectories
[DEBUG  ] |  solvated_trajectory  = 1                                              # Define if it is necessary to cleanup the trajectories
[DEBUG  ] |  verbose              = 1                                              # How many energy terms to print in the final output
[DEBUG  ] |/
[DEBUG  ] |
[DEBUG  ] |# (AMBER) Generalized-Born namelist variables
[DEBUG  ] |&gb
[DEBUG  ] |  igb                  = 5                                              # GB model to use
[DEBUG  ] |  intdiel              = 1.0                                            # Internal dielectric constant for sander
[DEBUG  ] |  extdiel              = 78.5                                           # External dielectric constant for sander
[DEBUG  ] |  saltcon              = 0.0                                            # Salt concentration (M)
[DEBUG  ] |  surften              = 0.0072                                         # Surface tension
[DEBUG  ] |  surfoff              = 0.0                                            # Surface tension offset
[DEBUG  ] |  molsurf              = 0                                              # Use Connelly surface ('molsurf' program)
[DEBUG  ] |  msoffset             = 0.0                                            # Offset for molsurf calculation
[DEBUG  ] |  probe                = 1.4                                            # Solvent probe radius for surface area calc
[DEBUG  ] |  ifqnt                = 0                                              # Use QM on part of the system
[DEBUG  ] |  qm_theory            = ""                                             # Semi-empirical QM theory to use
[DEBUG  ] |  qm_residues          = ""                                             # Residues to treat with QM
[DEBUG  ] |  com_qmmask           = ""                                             # Mask specifying the quantum atoms in complex
[DEBUG  ] |  rec_qmmask           = ""                                             # Mask specifying the quantum atoms in receptor
[DEBUG  ] |  lig_qmmask           = ""                                             # Mask specifying the quantum atoms in ligand
[DEBUG  ] |  qmcharge_com         = 0                                              # Charge of QM region in complex
[DEBUG  ] |  qmcharge_lig         = 0                                              # Charge of QM region in ligand
[DEBUG  ] |  qmcharge_rec         = 0                                              # Charge of QM region in receptor
[DEBUG  ] |  qmcut                = 9999.0                                         # Cutoff in the QM region
[DEBUG  ] |  scfconv              = 1e-08                                          # Convergence criteria for the SCF calculation, in kcal/mol
[DEBUG  ] |  peptide_corr         = 0                                              # Apply MM correction to peptide linkages
[DEBUG  ] |  writepdb             = 1                                              # Write a PDB file of the selected QM region
[DEBUG  ] |  verbosity            = 0                                              # Controls the verbosity of QM/MM related output
[DEBUG  ] |  alpb                 = 0                                              # Use Analytical Linearized Poisson-Boltzmann (ALPB)
[DEBUG  ] |  arad_method          = 1                                              # Selected method to estimate the effective electrostatic size
[DEBUG  ] |/
[DEBUG  ] |
[DEBUG  ] |--------------------------------------------------------------
[DEBUG  ] 
[INFO   ] Checking mmpbsa.in input file...
[INFO   ] Checking mmpbsa.in input file...Done.

[INFO   ] Checking external programs...
[INFO   ] cpptraj found! Using /home/daniil/miniconda3/envs/gmxMMPBSA/bin/cpptraj
[INFO   ] tleap found! Using /home/daniil/miniconda3/envs/gmxMMPBSA/bin/tleap
[INFO   ] parmchk2 found! Using /home/daniil/miniconda3/envs/gmxMMPBSA/bin/parmchk2
[INFO   ] sander found! Using /home/daniil/miniconda3/envs/gmxMMPBSA/bin/sander
[INFO   ] Using GROMACS version > 5.x.x!
[INFO   ] gmx found! Using /home/daniil/miniconda3/envs/gmxMMPBSA/bin.AVX2_256/gmx
[INFO   ] Checking external programs...Done.

[INFO   ] Building AMBER topologies from GROMACS files...
[ERROR  ] MMPBSA_Error 

You must define the structure, topology and index files, as well as the groups!

Check the gmx_MMPBSA.log file to report the problem.
