[INFO   ] Starting gmx_MMPBSA 1.6.4
[DEBUG  ] WDIR          : /home/daniil/Downloads/Protein-ligand/mmgbsa/fragment_PhOH/experiment
[DEBUG  ] AMBERHOME     : /home/daniil/miniconda3/envs/gmxMMPBSA
[DEBUG  ] PYTHON EXE    : /home/daniil/miniconda3/envs/gmxMMPBSA/bin/python
[DEBUG  ] PYTHON VERSION: 3.11.8 | packaged by conda-forge | (main, Feb 16 2024, 20:53:32) [GCC 12.3.0]
[DEBUG  ] MPI           : /home/daniil/miniconda3/envs/gmxMMPBSA/bin/mpirun
[DEBUG  ] ParmEd        : 4.2.2
[DEBUG  ] OS PLATFORM   : Linux-6.8.0-48-generic-x86_64-with-glibc2.35
[DEBUG  ] OS SYSTEM     : Linux
[DEBUG  ] OS VERSION    : #48~22.04.1-Ubuntu SMP PREEMPT_DYNAMIC Mon Oct  7 11:24:13 UTC 2
[DEBUG  ] OS PROCESSOR  : x86_64

[INFO   ] Command-line
  gmx_MMPBSA -O -i mmpbsa.in -cs md_0_10.tpr -ct combined_modif_traj.xtc -ci new_index.ndx -cg 1 23 -cp topol.top -o FINAL_RESULTS_MMPBSA.dat -eo FINAL_RESULTS_MMPBSA.csv

[DEBUG  ] |Input file:
[DEBUG  ] |--------------------------------------------------------------
[DEBUG  ] |Input file generated by gmx_MMPBSA (1.6.4)
[DEBUG  ] |Be careful with the variables you modify, some can have severe consequences on the results you obtain.
[DEBUG  ] |
[DEBUG  ] |# General namelist variables
[DEBUG  ] |&general
[DEBUG  ] |  sys_name             = "protein-ligand"                               # System name
[DEBUG  ] |  startframe           = 1                                              # First frame to analyze
[DEBUG  ] |  endframe             = 100                                       	# Last frame to analyze
[DEBUG  ] |  interval             = 1                                              # Number of frames between adjacent frames analyzed
[DEBUG  ] |  forcefields          = "oldff/leaprc.ff99SB,leaprc.gaff"              # Define the force field to build the Amber topology
[DEBUG  ] |  ions_parameters      = 1                                              # Define ions parameters to build the Amber topology
[DEBUG  ] |  PBRadii              = 3                                              # Define PBRadii to build amber topology from GROMACS files
[DEBUG  ] |  temperature          = 298.15                                         # Temperature
[DEBUG  ] |  qh_entropy           = 0                                              # Do quasi-harmonic calculation
[DEBUG  ] |  interaction_entropy  = 0                                              # Do Interaction Entropy calculation
[DEBUG  ] |  ie_segment           = 25                                             # Trajectory segment to calculate interaction entropy
[DEBUG  ] |  c2_entropy           = 0                                              # Do C2 Entropy calculation
[DEBUG  ] |  assign_chainID       = 0                                              # Assign chains ID
[DEBUG  ] |  exp_ki               = 0.0                                            # Experimental Ki in nM
[DEBUG  ] |  full_traj            = 0                                              # Print a full traj. AND the thread trajectories
[DEBUG  ] |  gmx_path             = ""                                             # Force to use this path to get GROMACS executable
[DEBUG  ] |  keep_files           = 2                                              # How many files to keep after successful completion
[DEBUG  ] |  netcdf               = 0                                              # Use NetCDF intermediate trajectories
[DEBUG  ] |  solvated_trajectory  = 1                                              # Define if it is necessary to cleanup the trajectories
[DEBUG  ] |  verbose              = 1                                              # How many energy terms to print in the final output
[DEBUG  ] |/
[DEBUG  ] |
[DEBUG  ] |# (AMBER) Generalized-Born namelist variables
[DEBUG  ] |&gb
[DEBUG  ] |  igb                  = 5                                              # GB model to use
[DEBUG  ] |  intdiel              = 1.0                                            # Internal dielectric constant for sander
[DEBUG  ] |  extdiel              = 78.5                                           # External dielectric constant for sander
[DEBUG  ] |  saltcon              = 0.0                                            # Salt concentration (M)
[DEBUG  ] |  surften              = 0.0072                                         # Surface tension
[DEBUG  ] |  surfoff              = 0.0                                            # Surface tension offset
[DEBUG  ] |  molsurf              = 0                                              # Use Connelly surface ('molsurf' program)
[DEBUG  ] |  msoffset             = 0.0                                            # Offset for molsurf calculation
[DEBUG  ] |  probe                = 1.4                                            # Solvent probe radius for surface area calc
[DEBUG  ] |  ifqnt                = 0                                              # Use QM on part of the system
[DEBUG  ] |  qm_theory            = ""                                             # Semi-empirical QM theory to use
[DEBUG  ] |  qm_residues          = ""                                             # Residues to treat with QM
[DEBUG  ] |  com_qmmask           = ""                                             # Mask specifying the quantum atoms in complex
[DEBUG  ] |  rec_qmmask           = ""                                             # Mask specifying the quantum atoms in receptor
[DEBUG  ] |  lig_qmmask           = ""                                             # Mask specifying the quantum atoms in ligand
[DEBUG  ] |  qmcharge_com         = 0                                              # Charge of QM region in complex
[DEBUG  ] |  qmcharge_lig         = 0                                              # Charge of QM region in ligand
[DEBUG  ] |  qmcharge_rec         = 0                                              # Charge of QM region in receptor
[DEBUG  ] |  qmcut                = 9999.0                                         # Cutoff in the QM region
[DEBUG  ] |  scfconv              = 1e-08                                          # Convergence criteria for the SCF calculation, in kcal/mol
[DEBUG  ] |  peptide_corr         = 0                                              # Apply MM correction to peptide linkages
[DEBUG  ] |  writepdb             = 1                                              # Write a PDB file of the selected QM region
[DEBUG  ] |  verbosity            = 0                                              # Controls the verbosity of QM/MM related output
[DEBUG  ] |  alpb                 = 0                                              # Use Analytical Linearized Poisson-Boltzmann (ALPB)
[DEBUG  ] |  arad_method          = 1                                              # Selected method to estimate the effective electrostatic size
[DEBUG  ] |/
[DEBUG  ] |
[DEBUG  ] |--------------------------------------------------------------
[DEBUG  ] 
[INFO   ] Checking mmpbsa.in input file...
[INFO   ] Checking mmpbsa.in input file...Done.

[INFO   ] Checking external programs...
[INFO   ] cpptraj found! Using /home/daniil/miniconda3/envs/gmxMMPBSA/bin/cpptraj
[INFO   ] tleap found! Using /home/daniil/miniconda3/envs/gmxMMPBSA/bin/tleap
[INFO   ] parmchk2 found! Using /home/daniil/miniconda3/envs/gmxMMPBSA/bin/parmchk2
[INFO   ] sander found! Using /home/daniil/miniconda3/envs/gmxMMPBSA/bin/sander
[INFO   ] Using GROMACS version > 5.x.x!
[INFO   ] gmx found! Using /home/daniil/miniconda3/envs/gmxMMPBSA/bin.AVX2_256/gmx
[INFO   ] Checking external programs...Done.

[INFO   ] Building AMBER topologies from GROMACS files...
[INFO   ] Get PDB files from GROMACS structures files...
[INFO   ] Making gmx_MMPBSA index for complex...
[DEBUG  ] Running command: echo -e "name 1 GMXMMPBSA_REC\n name 23 GMXMMPBSA_LIG\n  1 | 23\n q\n" | /home/daniil/miniconda3/envs/gmxMMPBSA/bin.AVX2_256/gmx make_ndx -n new_index.ndx -o _GMXMMPBSA_COM_index.ndx -f md_0_10.tpr
[DEBUG  ]                :-) GROMACS - gmx make_ndx, 2024.3-conda_forge (-:
[DEBUG  ] 
[DEBUG  ] Executable:   /home/daniil/miniconda3/envs/gmxMMPBSA/bin.AVX2_256/gmx
[DEBUG  ] Data prefix:  /home/daniil/miniconda3/envs/gmxMMPBSA
[DEBUG  ] Working dir:  /home/daniil/Downloads/Protein-ligand/mmgbsa/fragment_PhOH/experiment
[DEBUG  ] Command line:
[DEBUG  ]   gmx make_ndx -n new_index.ndx -o _GMXMMPBSA_COM_index.ndx -f md_0_10.tpr
[DEBUG  ] 
[DEBUG  ] 
[DEBUG  ] Reading structure file
[DEBUG  ] Reading file md_0_10.tpr, VERSION 2024.3-conda_forge (single precision)
[DEBUG  ] Reading file md_0_10.tpr, VERSION 2024.3-conda_forge (single precision)
[DEBUG  ] 
[DEBUG  ] GROMACS reminds you: "Always code as if the person who ends up maintaining your code is a violent psychopath who knows where you live." (Martin Golding)
[DEBUG  ] 
[DEBUG  ] Going to read 1 old index file(s)
[DEBUG  ] 
[DEBUG  ]   0 System              : 33506 atoms
[DEBUG  ]   1 Protein             :  2614 atoms
[DEBUG  ]   2 Protein-H           :  1301 atoms
[DEBUG  ]   3 C-alpha             :   163 atoms
[DEBUG  ]   4 Backbone            :   489 atoms
[DEBUG  ]   5 MainChain           :   651 atoms
[DEBUG  ]   6 MainChain+Cb        :   803 atoms
[DEBUG  ]   7 MainChain+H         :   813 atoms
[DEBUG  ]   8 SideChain           :  1801 atoms
[DEBUG  ]   9 SideChain-H         :   650 atoms
[DEBUG  ]  10 Prot-Masses         :  2614 atoms
[DEBUG  ]  11 non-Protein         : 30892 atoms
[DEBUG  ]  12 Other               :    22 atoms
[DEBUG  ]  13 JZ4                 :    22 atoms
[DEBUG  ]  14 C3H7                :    10 atoms
[DEBUG  ]  15 PhOH                :    12 atoms
[DEBUG  ]  16 CL                  :     6 atoms
[DEBUG  ]  17 Water               : 30864 atoms
[DEBUG  ]  18 SOL                 : 30864 atoms
[DEBUG  ]  19 non-Water           :  2642 atoms
[DEBUG  ]  20 Ion                 :     6 atoms
[DEBUG  ]  21 Water_and_ions      : 30870 atoms
[DEBUG  ]  22 Protein_JZ4         :  2636 atoms
[DEBUG  ]  23 FR1                 :    11 atoms
[DEBUG  ] 
[DEBUG  ]  nr : group      '!': not  'name' nr name   'splitch' nr    Enter: list groups
[DEBUG  ]  'a': atom       '&': and  'del' nr         'splitres' nr   'l': list residues
[DEBUG  ]  't': atom type  '|': or   'keep' nr        'splitat' nr    'h': help
[DEBUG  ]  'r': residue              'res' nr         'chain' char
[DEBUG  ]  "name": group             'case': case sensitive           'q': save and quit
[DEBUG  ]  'ri': residue index
[DEBUG  ] 
[DEBUG  ] > 
[DEBUG  ] 
[DEBUG  ] > 
[DEBUG  ] 
[DEBUG  ] > 
[DEBUG  ] Copied index group 1 'GMXMMPBSA_REC'
[DEBUG  ] Copied index group 23 'GMXMMPBSA_LIG'
[DEBUG  ] Merged two groups with OR: 2614 11 -> 2625
[DEBUG  ] 
[DEBUG  ] > 
[INFO   ] Normal Complex: Saving group Protein_FR1 (1_23) in _GMXMMPBSA_COM_index.ndx file as _GMXMMPBSA_COM.pdb
[DEBUG  ] Running command: echo -e "GMXMMPBSA_REC_GMXMMPBSA_LIG"| /home/daniil/miniconda3/envs/gmxMMPBSA/bin.AVX2_256/gmx trjconv -f combined_modif_traj.xtc -s md_0_10.tpr -o _GMXMMPBSA_COM.pdb -n _GMXMMPBSA_COM_index.ndx -dump 0
[DEBUG  ]                :-) GROMACS - gmx trjconv, 2024.3-conda_forge (-:
[DEBUG  ] 
[DEBUG  ] Executable:   /home/daniil/miniconda3/envs/gmxMMPBSA/bin.AVX2_256/gmx
[DEBUG  ] Data prefix:  /home/daniil/miniconda3/envs/gmxMMPBSA
[DEBUG  ] Working dir:  /home/daniil/Downloads/Protein-ligand/mmgbsa/fragment_PhOH/experiment
[DEBUG  ] Command line:
[DEBUG  ]   gmx trjconv -f combined_modif_traj.xtc -s md_0_10.tpr -o _GMXMMPBSA_COM.pdb -n _GMXMMPBSA_COM_index.ndx -dump 0
[DEBUG  ] 
[DEBUG  ] Will write pdb: Protein data bank file
[DEBUG  ] Reading file md_0_10.tpr, VERSION 2024.3-conda_forge (single precision)
[DEBUG  ] Reading file md_0_10.tpr, VERSION 2024.3-conda_forge (single precision)
[DEBUG  ] Group     0 (         System) has 33506 elements
[DEBUG  ] Group     1 (  GMXMMPBSA_REC) has  2614 elements
[DEBUG  ] Group     2 (      Protein-H) has  1301 elements
[DEBUG  ] Group     3 (        C-alpha) has   163 elements
[DEBUG  ] Group     4 (       Backbone) has   489 elements
[DEBUG  ] Group     5 (      MainChain) has   651 elements
[DEBUG  ] Group     6 (   MainChain+Cb) has   803 elements
[DEBUG  ] Group     7 (    MainChain+H) has   813 elements
[DEBUG  ] Group     8 (      SideChain) has  1801 elements
[DEBUG  ] Group     9 (    SideChain-H) has   650 elements
[DEBUG  ] Group    10 (    Prot-Masses) has  2614 elements
[DEBUG  ] Group    11 (    non-Protein) has 30892 elements
[DEBUG  ] Group    12 (          Other) has    22 elements
[DEBUG  ] Group    13 (            JZ4) has    22 elements
[DEBUG  ] Group    14 (           C3H7) has    10 elements
[DEBUG  ] Group    15 (           PhOH) has    12 elements
[DEBUG  ] Group    16 (             CL) has     6 elements
[DEBUG  ] Group    17 (          Water) has 30864 elements
[DEBUG  ] Group    18 (            SOL) has 30864 elements
[DEBUG  ] Group    19 (      non-Water) has  2642 elements
[DEBUG  ] Group    20 (            Ion) has     6 elements
[DEBUG  ] Group    21 ( Water_and_ions) has 30870 elements
[DEBUG  ] Group    22 (    Protein_JZ4) has  2636 elements
[DEBUG  ] Group    23 (  GMXMMPBSA_LIG) has    11 elements
[DEBUG  ] Group    24 (GMXMMPBSA_REC_GMXMMPBSA_LIG) has  2625 elements
[DEBUG  ] Select a group: Reading frame       0 time    0.000   
[DEBUG  ] Precision of combined_modif_traj.xtc is 0.001 (nm)
[DEBUG  ] Reading frame       1 time   10.000   
[DEBUG  ] Dumping frame at t= 0 ps
[ERROR  ] MMPBSA_Error 

/home/daniil/miniconda3/envs/gmxMMPBSA/bin.AVX2_256/gmx trjconv failed when querying combined_modif_traj.xtc

Check the gmx_MMPBSA.log file to report the problem.
