============================================================================
| ACPYPE: AnteChamber PYthon Parser interfacE v. 2023.10.27 (c) 2024 AWSdS |
============================================================================
DEBUG: CLI: -i FR1.pdb
DEBUG: Python Version 3.12.7 | packaged by conda-forge | (main, Oct 4 2024, 16:05:46) [GCC 13.3.0]
DEBUG: Max execution time tolerance is 3h
DEBUG: setResNameCheckCoords done
WARNING: no charge value given, trying to guess one...
DEBUG: guessCharge: /home/daniil/miniconda3/envs/md-intro-tutorial/bin/obabel -ipdb FR1.pdb -omol2 -O FR1.mol2
DEBUG: 1 molecule converted
DEBUG: /home/daniil/miniconda3/envs/md-intro-tutorial/bin/antechamber -dr no -i /home/daniil/Downloads/Protein-ligand/mmgbsa/fragment_PhOH/.acpype_tmp_FR1/FR1.mol2 -fi mol2 -o tmp -fo mol2 -c gas -pf n
DEBUG: /home/daniil/miniconda3/envs/md-intro-tutorial/bin/antechamber -dr no -i tmp -fi mol2 -o tmp -fo mol2 -c wc -cf tmp.crg -pf n
DEBUG: ++++++++++start_quote+++++++++++++++++++++++++++++++++++++++++++++++++++++++++++
DEBUG: 
Welcome to antechamber 22.0: molecular input file processor.

Info: The atom type is set to gaff; the options available to the -at flag are
 gaff, gaff2, amber, bcc, and sybyl.


DEBUG: ++++++++++end_quote+++++++++++++++++++++++++++++++++++++++++++++++++++++++++++++
DEBUG: readMol2TotalCharge: 1.9999999999811835e-06
DEBUG: Net charge drift '0.000002'
==> ... charge set to 0
==> ... converting pdb input file to mol2 input file
DEBUG: /home/daniil/miniconda3/envs/md-intro-tutorial/bin/obabel -ipdb FR1.pdb -omol2 -O FR1.mol2
==> * Babel OK *
==> Executing Antechamber...
DEBUG: /home/daniil/miniconda3/envs/md-intro-tutorial/bin/antechamber -dr no -i FR1.mol2 -fi mol2 -o FR1_bcc_gaff2.mol2 -fo mol2 -c bcc -nc 0 -m 1 -s 2 -df 2 -at gaff2 -pf n 
DEBUG: No file left to be removed
==> * Antechamber OK *
DEBUG: /home/daniil/miniconda3/envs/md-intro-tutorial/bin/parmchk2 -i FR1_bcc_gaff2.mol2 -f mol2 -o FR1_AC.frcmod -s 2
==> * Parmchk OK *
DEBUG: No crd or prm files left to be removed
==> Executing Tleap...
DEBUG: /home/daniil/miniconda3/envs/md-intro-tutorial/bin/tleap -f tleap.in
DEBUG: ++++++++++start_quote+++++++++++++++++++++++++++++++++++++++++++++++++++++++++++
DEBUG: Checking 'JZ4'....
Checking parameters for unit 'JZ4'.
Checking for bond parameters.
Checking for angle parameters.
Unit is OK.
DEBUG: ++++++++++end_quote+++++++++++++++++++++++++++++++++++++++++++++++++++++++++++++
==> * Tleap OK *
==> Removing temporary files...
DEBUG: prmtop and inpcrd files loaded
DEBUG: basename defined = 'FR1'
DEBUG: getCoords done
DEBUG: getABCOEFs done
DEBUG: charge to be balanced: total 0.0000020000
DEBUG: balanceCharges done
DEBUG: Balanced TotalCharge 0.0000000000
DEBUG: PBC = None
DEBUG: getAtoms done
DEBUG: getBonds done
DEBUG: getAngles done
DEBUG: getDihedrals done
==> Using OpenBabel v.3.1.0

==> Writing NEW PDB file

==> Writing CNS/XPLOR files

DEBUG: chiralGroups 0
==> Writing GROMACS files

==> Disambiguating lower and uppercase atomtypes in GMX top file, even if identical.

DEBUG: writing GRO file
DEBUG: Box size estimated
DEBUG: writing POSRE file
DEBUG: atomTypes 2
DEBUG: GMX atomtypes done
DEBUG: atoms 11
DEBUG: GMX atoms done
DEBUG: bonds 10
DEBUG: GMX bonds done
DEBUG: atomPairs 18
DEBUG: GMX pairs done
DEBUG: angles 18
DEBUG: GMX angles done
DEBUG: setProperDihedralsCoef done
DEBUG: properDihedralsCoefRB 18
DEBUG: properDihedralsAlphaGamma 0
DEBUG: properDihedralsGmx45 18
==> Writing GMX dihedrals for GMX 4.5 and higher.

DEBUG: GMX special proper dihedrals done
DEBUG: improperDihedrals 0
DEBUG: GMX improper dihedrals done
==> Writing CHARMM files

DEBUG: /home/daniil/miniconda3/envs/md-intro-tutorial/bin/antechamber -dr no -i FR1_bcc_gaff2.mol2 -fi mol2 -o FR1_CHARMM -fo charmm -s 2 -at gaff2 -pf n -rn JZ4
DEBUG: ++++++++++start_quote+++++++++++++++++++++++++++++++++++++++++++++++++++++++++++
DEBUG: 
Welcome to antechamber 22.0: molecular input file processor.

Info: The atom type is set to gaff2; the options available to the -at flag are
 gaff, gaff2, amber, bcc, and sybyl.

Info: Ignoring Mol2 record type (@<TRIPOS>SUBSTRUCTURE).
Info: Finished reading file (FR1_bcc_gaff2.mol2); atoms read (11), bonds read (10).
Info: Determining atomic numbers from atomic symbols which are case sensitive.
Running: /home/daniil/miniconda3/envs/md-intro-tutorial/bin/bondtype -j full -i ANTECHAMBER_BOND_TYPE.AC0 -o ANTECHAMBER_BOND_TYPE.AC -f ac

Running: /home/daniil/miniconda3/envs/md-intro-tutorial/bin/atomtype -i ANTECHAMBER_AC.AC0 -o ANTECHAMBER_AC.AC -p gaff2

Running: /home/daniil/miniconda3/envs/md-intro-tutorial/bin/atomtype -i ANTECHAMBER_PREP.AC0 -o ANTECHAMBER_PREP.AC -p gaff2

Running: /home/daniil/miniconda3/envs/md-intro-tutorial/bin/charmmgen -i ANTECHAMBER_PREP.AC -f ac -o FR1_CHARMM -r JZ4

DEBUG: ++++++++++end_quote+++++++++++++++++++++++++++++++++++++++++++++++++++++++++++++
==> Writing pickle file FR1.pkl
==> Removing temporary files...
Total time of execution: 3s
DEBUG: No tmp folder left to be removed
